cmdModule.c(567):ERROR:50: Cannot open file '/opt/arm/modulefiles//armpl/24.10.0_gcc' for 'reading'
ModuleCmd_Load.c(213):ERROR:105: Unable to locate a modulefile for 'armpl/24.10.0_gcc'
Currently Loaded Modulefiles:
execve("./BSM", ["./BSM", "1000000", "10000"], 0xffffd142e1c0 /* 88 vars */) = 0
brk(NULL)                               = 0x2f194000
faccessat(AT_FDCWD, "/etc/ld.so.preload", R_OK) = -1 ENOENT (No such file or directory)
openat(AT_FDCWD, "/opt/arm/armpl_24.10_gcc/lib/tls/aarch64/cpuid/libarmpl.so", O_RDONLY|O_CLOEXEC) = -1 ENOENT (No such file or directory)
newfstatat(AT_FDCWD, "/opt/arm/armpl_24.10_gcc/lib/tls/aarch64/cpuid", 0xffffc7e50a50, 0) = -1 ENOENT (No such file or directory)
openat(AT_FDCWD, "/opt/arm/armpl_24.10_gcc/lib/tls/aarch64/libarmpl.so", O_RDONLY|O_CLOEXEC) = -1 ENOENT (No such file or directory)
newfstatat(AT_FDCWD, "/opt/arm/armpl_24.10_gcc/lib/tls/aarch64", 0xffffc7e50a50, 0) = -1 ENOENT (No such file or directory)
openat(AT_FDCWD, "/opt/arm/armpl_24.10_gcc/lib/tls/cpuid/libarmpl.so", O_RDONLY|O_CLOEXEC) = -1 ENOENT (No such file or directory)
newfstatat(AT_FDCWD, "/opt/arm/armpl_24.10_gcc/lib/tls/cpuid", 0xffffc7e50a50, 0) = -1 ENOENT (No such file or directory)
openat(AT_FDCWD, "/opt/arm/armpl_24.10_gcc/lib/tls/libarmpl.so", O_RDONLY|O_CLOEXEC) = -1 ENOENT (No such file or directory)
newfstatat(AT_FDCWD, "/opt/arm/armpl_24.10_gcc/lib/tls", 0xffffc7e50a50, 0) = -1 ENOENT (No such file or directory)
openat(AT_FDCWD, "/opt/arm/armpl_24.10_gcc/lib/aarch64/cpuid/libarmpl.so", O_RDONLY|O_CLOEXEC) = -1 ENOENT (No such file or directory)
newfstatat(AT_FDCWD, "/opt/arm/armpl_24.10_gcc/lib/aarch64/cpuid", 0xffffc7e50a50, 0) = -1 ENOENT (No such file or directory)
openat(AT_FDCWD, "/opt/arm/armpl_24.10_gcc/lib/aarch64/libarmpl.so", O_RDONLY|O_CLOEXEC) = -1 ENOENT (No such file or directory)
newfstatat(AT_FDCWD, "/opt/arm/armpl_24.10_gcc/lib/aarch64", 0xffffc7e50a50, 0) = -1 ENOENT (No such file or directory)
openat(AT_FDCWD, "/opt/arm/armpl_24.10_gcc/lib/cpuid/libarmpl.so", O_RDONLY|O_CLOEXEC) = -1 ENOENT (No such file or directory)
newfstatat(AT_FDCWD, "/opt/arm/armpl_24.10_gcc/lib/cpuid", 0xffffc7e50a50, 0) = -1 ENOENT (No such file or directory)
openat(AT_FDCWD, "/opt/arm/armpl_24.10_gcc/lib/libarmpl.so", O_RDONLY|O_CLOEXEC) = -1 ENOENT (No such file or directory)
newfstatat(AT_FDCWD, "/opt/arm/armpl_24.10_gcc/lib", 0xffffc7e50a50, 0) = -1 ENOENT (No such file or directory)
openat(AT_FDCWD, "/tools/acfl/24.04/gcc-13.2.0_AmazonLinux-2/lib64/tls/aarch64/cpuid/libarmpl.so", O_RDONLY|O_CLOEXEC) = -1 ENOENT (No such file or directory)
newfstatat(AT_FDCWD, "/tools/acfl/24.04/gcc-13.2.0_AmazonLinux-2/lib64/tls/aarch64/cpuid", 0xffffc7e50a50, 0) = -1 ENOENT (No such file or directory)
openat(AT_FDCWD, "/tools/acfl/24.04/gcc-13.2.0_AmazonLinux-2/lib64/tls/aarch64/libarmpl.so", O_RDONLY|O_CLOEXEC) = -1 ENOENT (No such file or directory)
newfstatat(AT_FDCWD, "/tools/acfl/24.04/gcc-13.2.0_AmazonLinux-2/lib64/tls/aarch64", 0xffffc7e50a50, 0) = -1 ENOENT (No such file or directory)
openat(AT_FDCWD, "/tools/acfl/24.04/gcc-13.2.0_AmazonLinux-2/lib64/tls/cpuid/libarmpl.so", O_RDONLY|O_CLOEXEC) = -1 ENOENT (No such file or directory)
newfstatat(AT_FDCWD, "/tools/acfl/24.04/gcc-13.2.0_AmazonLinux-2/lib64/tls/cpuid", 0xffffc7e50a50, 0) = -1 ENOENT (No such file or directory)
openat(AT_FDCWD, "/tools/acfl/24.04/gcc-13.2.0_AmazonLinux-2/lib64/tls/libarmpl.so", O_RDONLY|O_CLOEXEC) = -1 ENOENT (No such file or directory)
newfstatat(AT_FDCWD, "/tools/acfl/24.04/gcc-13.2.0_AmazonLinux-2/lib64/tls", 0xffffc7e50a50, 0) = -1 ENOENT (No such file or directory)
openat(AT_FDCWD, "/tools/acfl/24.04/gcc-13.2.0_AmazonLinux-2/lib64/aarch64/cpuid/libarmpl.so", O_RDONLY|O_CLOEXEC) = -1 ENOENT (No such file or directory)
newfstatat(AT_FDCWD, "/tools/acfl/24.04/gcc-13.2.0_AmazonLinux-2/lib64/aarch64/cpuid", 0xffffc7e50a50, 0) = -1 ENOENT (No such file or directory)
openat(AT_FDCWD, "/tools/acfl/24.04/gcc-13.2.0_AmazonLinux-2/lib64/aarch64/libarmpl.so", O_RDONLY|O_CLOEXEC) = -1 ENOENT (No such file or directory)
newfstatat(AT_FDCWD, "/tools/acfl/24.04/gcc-13.2.0_AmazonLinux-2/lib64/aarch64", 0xffffc7e50a50, 0) = -1 ENOENT (No such file or directory)
openat(AT_FDCWD, "/tools/acfl/24.04/gcc-13.2.0_AmazonLinux-2/lib64/cpuid/libarmpl.so", O_RDONLY|O_CLOEXEC) = -1 ENOENT (No such file or directory)
newfstatat(AT_FDCWD, "/tools/acfl/24.04/gcc-13.2.0_AmazonLinux-2/lib64/cpuid", 0xffffc7e50a50, 0) = -1 ENOENT (No such file or directory)
openat(AT_FDCWD, "/tools/acfl/24.04/gcc-13.2.0_AmazonLinux-2/lib64/libarmpl.so", O_RDONLY|O_CLOEXEC) = -1 ENOENT (No such file or directory)
newfstatat(AT_FDCWD, "/tools/acfl/24.04/gcc-13.2.0_AmazonLinux-2/lib64", {st_mode=S_IFDIR|0755, st_size=41472, ...}, 0) = 0
openat(AT_FDCWD, "tls/aarch64/cpuid/libarmpl.so", O_RDONLY|O_CLOEXEC) = -1 ENOENT (No such file or directory)
openat(AT_FDCWD, "tls/aarch64/libarmpl.so", O_RDONLY|O_CLOEXEC) = -1 ENOENT (No such file or directory)
openat(AT_FDCWD, "tls/cpuid/libarmpl.so", O_RDONLY|O_CLOEXEC) = -1 ENOENT (No such file or directory)
openat(AT_FDCWD, "tls/libarmpl.so", O_RDONLY|O_CLOEXEC) = -1 ENOENT (No such file or directory)
openat(AT_FDCWD, "aarch64/cpuid/libarmpl.so", O_RDONLY|O_CLOEXEC) = -1 ENOENT (No such file or directory)
openat(AT_FDCWD, "aarch64/libarmpl.so", O_RDONLY|O_CLOEXEC) = -1 ENOENT (No such file or directory)
openat(AT_FDCWD, "cpuid/libarmpl.so", O_RDONLY|O_CLOEXEC) = -1 ENOENT (No such file or directory)
openat(AT_FDCWD, "libarmpl.so", O_RDONLY|O_CLOEXEC) = -1 ENOENT (No such file or directory)
openat(AT_FDCWD, "/etc/ld.so.cache", O_RDONLY|O_CLOEXEC) = 3
fstat(3, {st_mode=S_IFREG|0644, st_size=91820, ...}) = 0
mmap(NULL, 91820, PROT_READ, MAP_PRIVATE, 3, 0) = 0xffff808f3000
close(3)                                = 0
openat(AT_FDCWD, "/lib64/tls/aarch64/cpuid/libarmpl.so", O_RDONLY|O_CLOEXEC) = -1 ENOENT (No such file or directory)
newfstatat(AT_FDCWD, "/lib64/tls/aarch64/cpuid", 0xffffc7e50a50, 0) = -1 ENOENT (No such file or directory)
openat(AT_FDCWD, "/lib64/tls/aarch64/libarmpl.so", O_RDONLY|O_CLOEXEC) = -1 ENOENT (No such file or directory)
newfstatat(AT_FDCWD, "/lib64/tls/aarch64", 0xffffc7e50a50, 0) = -1 ENOENT (No such file or directory)
openat(AT_FDCWD, "/lib64/tls/cpuid/libarmpl.so", O_RDONLY|O_CLOEXEC) = -1 ENOENT (No such file or directory)
newfstatat(AT_FDCWD, "/lib64/tls/cpuid", 0xffffc7e50a50, 0) = -1 ENOENT (No such file or directory)
openat(AT_FDCWD, "/lib64/tls/libarmpl.so", O_RDONLY|O_CLOEXEC) = -1 ENOENT (No such file or directory)
newfstatat(AT_FDCWD, "/lib64/tls", {st_mode=S_IFDIR|0555, st_size=6, ...}, 0) = 0
openat(AT_FDCWD, "/lib64/aarch64/cpuid/libarmpl.so", O_RDONLY|O_CLOEXEC) = -1 ENOENT (No such file or directory)
newfstatat(AT_FDCWD, "/lib64/aarch64/cpuid", 0xffffc7e50a50, 0) = -1 ENOENT (No such file or directory)
openat(AT_FDCWD, "/lib64/aarch64/libarmpl.so", O_RDONLY|O_CLOEXEC) = -1 ENOENT (No such file or directory)
newfstatat(AT_FDCWD, "/lib64/aarch64", 0xffffc7e50a50, 0) = -1 ENOENT (No such file or directory)
openat(AT_FDCWD, "/lib64/cpuid/libarmpl.so", O_RDONLY|O_CLOEXEC) = -1 ENOENT (No such file or directory)
newfstatat(AT_FDCWD, "/lib64/cpuid", 0xffffc7e50a50, 0) = -1 ENOENT (No such file or directory)
openat(AT_FDCWD, "/lib64/libarmpl.so", O_RDONLY|O_CLOEXEC) = -1 ENOENT (No such file or directory)
newfstatat(AT_FDCWD, "/lib64", {st_mode=S_IFDIR|0555, st_size=77824, ...}, 0) = 0
openat(AT_FDCWD, "/usr/lib64/tls/aarch64/cpuid/libarmpl.so", O_RDONLY|O_CLOEXEC) = -1 ENOENT (No such file or directory)
newfstatat(AT_FDCWD, "/usr/lib64/tls/aarch64/cpuid", 0xffffc7e50a50, 0) = -1 ENOENT (No such file or directory)
openat(AT_FDCWD, "/usr/lib64/tls/aarch64/libarmpl.so", O_RDONLY|O_CLOEXEC) = -1 ENOENT (No such file or directory)
newfstatat(AT_FDCWD, "/usr/lib64/tls/aarch64", 0xffffc7e50a50, 0) = -1 ENOENT (No such file or directory)
openat(AT_FDCWD, "/usr/lib64/tls/cpuid/libarmpl.so", O_RDONLY|O_CLOEXEC) = -1 ENOENT (No such file or directory)
newfstatat(AT_FDCWD, "/usr/lib64/tls/cpuid", 0xffffc7e50a50, 0) = -1 ENOENT (No such file or directory)
openat(AT_FDCWD, "/usr/lib64/tls/libarmpl.so", O_RDONLY|O_CLOEXEC) = -1 ENOENT (No such file or directory)
newfstatat(AT_FDCWD, "/usr/lib64/tls", {st_mode=S_IFDIR|0555, st_size=6, ...}, 0) = 0
openat(AT_FDCWD, "/usr/lib64/aarch64/cpuid/libarmpl.so", O_RDONLY|O_CLOEXEC) = -1 ENOENT (No such file or directory)
newfstatat(AT_FDCWD, "/usr/lib64/aarch64/cpuid", 0xffffc7e50a50, 0) = -1 ENOENT (No such file or directory)
openat(AT_FDCWD, "/usr/lib64/aarch64/libarmpl.so", O_RDONLY|O_CLOEXEC) = -1 ENOENT (No such file or directory)
newfstatat(AT_FDCWD, "/usr/lib64/aarch64", 0xffffc7e50a50, 0) = -1 ENOENT (No such file or directory)
openat(AT_FDCWD, "/usr/lib64/cpuid/libarmpl.so", O_RDONLY|O_CLOEXEC) = -1 ENOENT (No such file or directory)
newfstatat(AT_FDCWD, "/usr/lib64/cpuid", 0xffffc7e50a50, 0) = -1 ENOENT (No such file or directory)
openat(AT_FDCWD, "/usr/lib64/libarmpl.so", O_RDONLY|O_CLOEXEC) = -1 ENOENT (No such file or directory)
newfstatat(AT_FDCWD, "/usr/lib64", {st_mode=S_IFDIR|0555, st_size=77824, ...}, 0) = 0
writev(2, [{iov_base="./BSM", iov_len=5}, {iov_base=": ", iov_len=2}, {iov_base="error while loading shared libra"..., iov_len=36}, {iov_base=": ", iov_len=2}, {iov_base="libarmpl.so", iov_len=11}, {iov_base=": ", iov_len=2}, {iov_base="cannot open shared object file", iov_len=30}, {iov_base=": ", iov_len=2}, {iov_base="No such file or directory", iov_len=25}, {iov_base="\n", iov_len=1}], 10./BSM: error while loading shared libraries: libarmpl.so: cannot open shared object file: No such file or directory
) = 116
exit_group(127)                         = ?
+++ exited with 127 +++
