cmdModule.c(567):ERROR:50: Cannot open file '/opt/arm/modulefiles//armpl/24.10.0_gcc' for 'reading'
ModuleCmd_Use.c(231):ERROR:64: Directory '/tools/afcl/24.04/modulefiles' not found
ModuleCmd_Load.c(213):ERROR:105: Unable to locate a modulefile for 'gnu'
Use of the free of charge version of Arm Performance Libraries is subject to the terms and conditions of the Arm Performance Libraries (free version) -  End User License Agreement (EULA). A copy of the EULA can be found in the '/opt/arm/armpl/23.10/arm-performance-libraries_23.10_gcc-9.3/license_terms' folder
execve("./BSM", ["./BSM", "10000000", "1000"], 0xffffdc525150 /* 94 vars */) = 0
brk(NULL)                               = 0x3c5ea000
mmap(NULL, 8192, PROT_READ|PROT_WRITE, MAP_PRIVATE|MAP_ANONYMOUS, -1, 0) = 0xffffa3baf000
faccessat(AT_FDCWD, "/etc/ld.so.preload", R_OK) = -1 ENOENT (No such file or directory)
openat(AT_FDCWD, "/opt/arm/armpl/23.10/armpl_23.10_gcc-9.3/lib/tls/aarch64/cpuid/libarmpl.so", O_RDONLY|O_CLOEXEC) = -1 ENOENT (No such file or directory)
newfstatat(AT_FDCWD, "/opt/arm/armpl/23.10/armpl_23.10_gcc-9.3/lib/tls/aarch64/cpuid", 0xffffce93fbd0, 0) = -1 ENOENT (No such file or directory)
openat(AT_FDCWD, "/opt/arm/armpl/23.10/armpl_23.10_gcc-9.3/lib/tls/aarch64/libarmpl.so", O_RDONLY|O_CLOEXEC) = -1 ENOENT (No such file or directory)
newfstatat(AT_FDCWD, "/opt/arm/armpl/23.10/armpl_23.10_gcc-9.3/lib/tls/aarch64", 0xffffce93fbd0, 0) = -1 ENOENT (No such file or directory)
openat(AT_FDCWD, "/opt/arm/armpl/23.10/armpl_23.10_gcc-9.3/lib/tls/cpuid/libarmpl.so", O_RDONLY|O_CLOEXEC) = -1 ENOENT (No such file or directory)
newfstatat(AT_FDCWD, "/opt/arm/armpl/23.10/armpl_23.10_gcc-9.3/lib/tls/cpuid", 0xffffce93fbd0, 0) = -1 ENOENT (No such file or directory)
openat(AT_FDCWD, "/opt/arm/armpl/23.10/armpl_23.10_gcc-9.3/lib/tls/libarmpl.so", O_RDONLY|O_CLOEXEC) = -1 ENOENT (No such file or directory)
newfstatat(AT_FDCWD, "/opt/arm/armpl/23.10/armpl_23.10_gcc-9.3/lib/tls", 0xffffce93fbd0, 0) = -1 ENOENT (No such file or directory)
openat(AT_FDCWD, "/opt/arm/armpl/23.10/armpl_23.10_gcc-9.3/lib/aarch64/cpuid/libarmpl.so", O_RDONLY|O_CLOEXEC) = -1 ENOENT (No such file or directory)
newfstatat(AT_FDCWD, "/opt/arm/armpl/23.10/armpl_23.10_gcc-9.3/lib/aarch64/cpuid", 0xffffce93fbd0, 0) = -1 ENOENT (No such file or directory)
openat(AT_FDCWD, "/opt/arm/armpl/23.10/armpl_23.10_gcc-9.3/lib/aarch64/libarmpl.so", O_RDONLY|O_CLOEXEC) = -1 ENOENT (No such file or directory)
newfstatat(AT_FDCWD, "/opt/arm/armpl/23.10/armpl_23.10_gcc-9.3/lib/aarch64", 0xffffce93fbd0, 0) = -1 ENOENT (No such file or directory)
openat(AT_FDCWD, "/opt/arm/armpl/23.10/armpl_23.10_gcc-9.3/lib/cpuid/libarmpl.so", O_RDONLY|O_CLOEXEC) = -1 ENOENT (No such file or directory)
newfstatat(AT_FDCWD, "/opt/arm/armpl/23.10/armpl_23.10_gcc-9.3/lib/cpuid", 0xffffce93fbd0, 0) = -1 ENOENT (No such file or directory)
openat(AT_FDCWD, "/opt/arm/armpl/23.10/armpl_23.10_gcc-9.3/lib/libarmpl.so", O_RDONLY|O_CLOEXEC) = 3
read(3, "\177ELF\2\1\1\3\0\0\0\0\0\0\0\0\3\0\267\0\1\0\0\0\350\3432\0\0\0\0\0"..., 832) = 832
fstat(3, {st_mode=S_IFREG|0755, st_size=76346128, ...}) = 0
mmap(NULL, 60185856, PROT_READ|PROT_EXEC, MAP_PRIVATE|MAP_DENYWRITE, 3, 0) = 0xffffa020f000
mprotect(0xffffa3ad8000, 65536, PROT_NONE) = 0
mmap(0xffffa3ae8000, 196608, PROT_READ|PROT_WRITE, MAP_PRIVATE|MAP_FIXED|MAP_DENYWRITE, 3, 0x38c9000) = 0xffffa3ae8000
mmap(0xffffa3b18000, 380160, PROT_READ|PROT_WRITE, MAP_PRIVATE|MAP_FIXED|MAP_ANONYMOUS, -1, 0) = 0xffffa3b18000
close(3)                                = 0
openat(AT_FDCWD, "/opt/arm/armpl/23.10/armpl_23.10_gcc-9.3/lib/libamath.so", O_RDONLY|O_CLOEXEC) = 3
read(3, "\177ELF\2\1\1\0\0\0\0\0\0\0\0\0\3\0\267\0\1\0\0\0X\357\10\0\0\0\0\0"..., 832) = 832
fstat(3, {st_mode=S_IFREG|0755, st_size=1951920, ...}) = 0
mmap(NULL, 1759008, PROT_READ|PROT_EXEC, MAP_PRIVATE|MAP_DENYWRITE, 3, 0) = 0xffffa0061000
mprotect(0xffffa01bc000, 61440, PROT_NONE) = 0
mmap(0xffffa01cb000, 122880, PROT_READ|PROT_WRITE, MAP_PRIVATE|MAP_FIXED|MAP_DENYWRITE, 3, 0x15a000) = 0xffffa01cb000
mmap(0xffffa01e9000, 153376, PROT_READ|PROT_WRITE, MAP_PRIVATE|MAP_FIXED|MAP_ANONYMOUS, -1, 0) = 0xffffa01e9000
close(3)                                = 0
openat(AT_FDCWD, "/opt/arm/armpl/23.10/armpl_23.10_gcc-9.3/lib/libstdc++.so.6", O_RDONLY|O_CLOEXEC) = -1 ENOENT (No such file or directory)
openat(AT_FDCWD, "/opt/arm/armpl/gcc/9.3.0/lib64/tls/aarch64/cpuid/libstdc++.so.6", O_RDONLY|O_CLOEXEC) = -1 ENOENT (No such file or directory)
newfstatat(AT_FDCWD, "/opt/arm/armpl/gcc/9.3.0/lib64/tls/aarch64/cpuid", 0xffffce93fb70, 0) = -1 ENOENT (No such file or directory)
openat(AT_FDCWD, "/opt/arm/armpl/gcc/9.3.0/lib64/tls/aarch64/libstdc++.so.6", O_RDONLY|O_CLOEXEC) = -1 ENOENT (No such file or directory)
newfstatat(AT_FDCWD, "/opt/arm/armpl/gcc/9.3.0/lib64/tls/aarch64", 0xffffce93fb70, 0) = -1 ENOENT (No such file or directory)
openat(AT_FDCWD, "/opt/arm/armpl/gcc/9.3.0/lib64/tls/cpuid/libstdc++.so.6", O_RDONLY|O_CLOEXEC) = -1 ENOENT (No such file or directory)
newfstatat(AT_FDCWD, "/opt/arm/armpl/gcc/9.3.0/lib64/tls/cpuid", 0xffffce93fb70, 0) = -1 ENOENT (No such file or directory)
openat(AT_FDCWD, "/opt/arm/armpl/gcc/9.3.0/lib64/tls/libstdc++.so.6", O_RDONLY|O_CLOEXEC) = -1 ENOENT (No such file or directory)
newfstatat(AT_FDCWD, "/opt/arm/armpl/gcc/9.3.0/lib64/tls", 0xffffce93fb70, 0) = -1 ENOENT (No such file or directory)
openat(AT_FDCWD, "/opt/arm/armpl/gcc/9.3.0/lib64/aarch64/cpuid/libstdc++.so.6", O_RDONLY|O_CLOEXEC) = -1 ENOENT (No such file or directory)
newfstatat(AT_FDCWD, "/opt/arm/armpl/gcc/9.3.0/lib64/aarch64/cpuid", 0xffffce93fb70, 0) = -1 ENOENT (No such file or directory)
openat(AT_FDCWD, "/opt/arm/armpl/gcc/9.3.0/lib64/aarch64/libstdc++.so.6", O_RDONLY|O_CLOEXEC) = -1 ENOENT (No such file or directory)
newfstatat(AT_FDCWD, "/opt/arm/armpl/gcc/9.3.0/lib64/aarch64", 0xffffce93fb70, 0) = -1 ENOENT (No such file or directory)
openat(AT_FDCWD, "/opt/arm/armpl/gcc/9.3.0/lib64/cpuid/libstdc++.so.6", O_RDONLY|O_CLOEXEC) = -1 ENOENT (No such file or directory)
newfstatat(AT_FDCWD, "/opt/arm/armpl/gcc/9.3.0/lib64/cpuid", 0xffffce93fb70, 0) = -1 ENOENT (No such file or directory)
openat(AT_FDCWD, "/opt/arm/armpl/gcc/9.3.0/lib64/libstdc++.so.6", O_RDONLY|O_CLOEXEC) = 3
read(3, "\177ELF\2\1\1\3\0\0\0\0\0\0\0\0\3\0\267\0\1\0\0\0\300\224\t\0\0\0\0\0"..., 832) = 832
fstat(3, {st_mode=S_IFREG|0755, st_size=17872352, ...}) = 0
mmap(NULL, 1987760, PROT_READ|PROT_EXEC, MAP_PRIVATE|MAP_DENYWRITE, 3, 0) = 0xffff9fe7b000
mprotect(0xffffa0035000, 110592, PROT_NONE) = 0
mmap(0xffffa0050000, 57344, PROT_READ|PROT_WRITE, MAP_PRIVATE|MAP_FIXED|MAP_DENYWRITE, 3, 0x1c5000) = 0xffffa0050000
mmap(0xffffa005e000, 9392, PROT_READ|PROT_WRITE, MAP_PRIVATE|MAP_FIXED|MAP_ANONYMOUS, -1, 0) = 0xffffa005e000
close(3)                                = 0
openat(AT_FDCWD, "/opt/arm/armpl/23.10/armpl_23.10_gcc-9.3/lib/libm.so.6", O_RDONLY|O_CLOEXEC) = -1 ENOENT (No such file or directory)
openat(AT_FDCWD, "/opt/arm/armpl/gcc/9.3.0/lib64/libm.so.6", O_RDONLY|O_CLOEXEC) = -1 ENOENT (No such file or directory)
openat(AT_FDCWD, "/opt/arm/armpl/gcc/9.3.0/lib/tls/aarch64/cpuid/libm.so.6", O_RDONLY|O_CLOEXEC) = -1 ENOENT (No such file or directory)
newfstatat(AT_FDCWD, "/opt/arm/armpl/gcc/9.3.0/lib/tls/aarch64/cpuid", 0xffffce93fb40, 0) = -1 ENOENT (No such file or directory)
openat(AT_FDCWD, "/opt/arm/armpl/gcc/9.3.0/lib/tls/aarch64/libm.so.6", O_RDONLY|O_CLOEXEC) = -1 ENOENT (No such file or directory)
newfstatat(AT_FDCWD, "/opt/arm/armpl/gcc/9.3.0/lib/tls/aarch64", 0xffffce93fb40, 0) = -1 ENOENT (No such file or directory)
openat(AT_FDCWD, "/opt/arm/armpl/gcc/9.3.0/lib/tls/cpuid/libm.so.6", O_RDONLY|O_CLOEXEC) = -1 ENOENT (No such file or directory)
newfstatat(AT_FDCWD, "/opt/arm/armpl/gcc/9.3.0/lib/tls/cpuid", 0xffffce93fb40, 0) = -1 ENOENT (No such file or directory)
openat(AT_FDCWD, "/opt/arm/armpl/gcc/9.3.0/lib/tls/libm.so.6", O_RDONLY|O_CLOEXEC) = -1 ENOENT (No such file or directory)
newfstatat(AT_FDCWD, "/opt/arm/armpl/gcc/9.3.0/lib/tls", 0xffffce93fb40, 0) = -1 ENOENT (No such file or directory)
openat(AT_FDCWD, "/opt/arm/armpl/gcc/9.3.0/lib/aarch64/cpuid/libm.so.6", O_RDONLY|O_CLOEXEC) = -1 ENOENT (No such file or directory)
newfstatat(AT_FDCWD, "/opt/arm/armpl/gcc/9.3.0/lib/aarch64/cpuid", 0xffffce93fb40, 0) = -1 ENOENT (No such file or directory)
openat(AT_FDCWD, "/opt/arm/armpl/gcc/9.3.0/lib/aarch64/libm.so.6", O_RDONLY|O_CLOEXEC) = -1 ENOENT (No such file or directory)
newfstatat(AT_FDCWD, "/opt/arm/armpl/gcc/9.3.0/lib/aarch64", 0xffffce93fb40, 0) = -1 ENOENT (No such file or directory)
openat(AT_FDCWD, "/opt/arm/armpl/gcc/9.3.0/lib/cpuid/libm.so.6", O_RDONLY|O_CLOEXEC) = -1 ENOENT (No such file or directory)
newfstatat(AT_FDCWD, "/opt/arm/armpl/gcc/9.3.0/lib/cpuid", 0xffffce93fb40, 0) = -1 ENOENT (No such file or directory)
openat(AT_FDCWD, "/opt/arm/armpl/gcc/9.3.0/lib/libm.so.6", O_RDONLY|O_CLOEXEC) = -1 ENOENT (No such file or directory)
newfstatat(AT_FDCWD, "/opt/arm/armpl/gcc/9.3.0/lib", {st_mode=S_IFDIR|0755, st_size=17, ...}, 0) = 0
openat(AT_FDCWD, "/opt/arm/armpl_24.10_gcc/lib/tls/aarch64/cpuid/libm.so.6", O_RDONLY|O_CLOEXEC) = -1 ENOENT (No such file or directory)
newfstatat(AT_FDCWD, "/opt/arm/armpl_24.10_gcc/lib/tls/aarch64/cpuid", 0xffffce93fb40, 0) = -1 ENOENT (No such file or directory)
openat(AT_FDCWD, "/opt/arm/armpl_24.10_gcc/lib/tls/aarch64/libm.so.6", O_RDONLY|O_CLOEXEC) = -1 ENOENT (No such file or directory)
newfstatat(AT_FDCWD, "/opt/arm/armpl_24.10_gcc/lib/tls/aarch64", 0xffffce93fb40, 0) = -1 ENOENT (No such file or directory)
openat(AT_FDCWD, "/opt/arm/armpl_24.10_gcc/lib/tls/cpuid/libm.so.6", O_RDONLY|O_CLOEXEC) = -1 ENOENT (No such file or directory)
newfstatat(AT_FDCWD, "/opt/arm/armpl_24.10_gcc/lib/tls/cpuid", 0xffffce93fb40, 0) = -1 ENOENT (No such file or directory)
openat(AT_FDCWD, "/opt/arm/armpl_24.10_gcc/lib/tls/libm.so.6", O_RDONLY|O_CLOEXEC) = -1 ENOENT (No such file or directory)
newfstatat(AT_FDCWD, "/opt/arm/armpl_24.10_gcc/lib/tls", 0xffffce93fb40, 0) = -1 ENOENT (No such file or directory)
openat(AT_FDCWD, "/opt/arm/armpl_24.10_gcc/lib/aarch64/cpuid/libm.so.6", O_RDONLY|O_CLOEXEC) = -1 ENOENT (No such file or directory)
newfstatat(AT_FDCWD, "/opt/arm/armpl_24.10_gcc/lib/aarch64/cpuid", 0xffffce93fb40, 0) = -1 ENOENT (No such file or directory)
openat(AT_FDCWD, "/opt/arm/armpl_24.10_gcc/lib/aarch64/libm.so.6", O_RDONLY|O_CLOEXEC) = -1 ENOENT (No such file or directory)
newfstatat(AT_FDCWD, "/opt/arm/armpl_24.10_gcc/lib/aarch64", 0xffffce93fb40, 0) = -1 ENOENT (No such file or directory)
openat(AT_FDCWD, "/opt/arm/armpl_24.10_gcc/lib/cpuid/libm.so.6", O_RDONLY|O_CLOEXEC) = -1 ENOENT (No such file or directory)
newfstatat(AT_FDCWD, "/opt/arm/armpl_24.10_gcc/lib/cpuid", 0xffffce93fb40, 0) = -1 ENOENT (No such file or directory)
openat(AT_FDCWD, "/opt/arm/armpl_24.10_gcc/lib/libm.so.6", O_RDONLY|O_CLOEXEC) = -1 ENOENT (No such file or directory)
newfstatat(AT_FDCWD, "/opt/arm/armpl_24.10_gcc/lib", 0xffffce93fb40, 0) = -1 ENOENT (No such file or directory)
openat(AT_FDCWD, "/tools/acfl/24.04/gcc-13.2.0_AmazonLinux-2/lib64/tls/aarch64/cpuid/libm.so.6", O_RDONLY|O_CLOEXEC) = -1 ENOENT (No such file or directory)
newfstatat(AT_FDCWD, "/tools/acfl/24.04/gcc-13.2.0_AmazonLinux-2/lib64/tls/aarch64/cpuid", 0xffffce93fb40, 0) = -1 ENOENT (No such file or directory)
openat(AT_FDCWD, "/tools/acfl/24.04/gcc-13.2.0_AmazonLinux-2/lib64/tls/aarch64/libm.so.6", O_RDONLY|O_CLOEXEC) = -1 ENOENT (No such file or directory)
newfstatat(AT_FDCWD, "/tools/acfl/24.04/gcc-13.2.0_AmazonLinux-2/lib64/tls/aarch64", 0xffffce93fb40, 0) = -1 ENOENT (No such file or directory)
openat(AT_FDCWD, "/tools/acfl/24.04/gcc-13.2.0_AmazonLinux-2/lib64/tls/cpuid/libm.so.6", O_RDONLY|O_CLOEXEC) = -1 ENOENT (No such file or directory)
newfstatat(AT_FDCWD, "/tools/acfl/24.04/gcc-13.2.0_AmazonLinux-2/lib64/tls/cpuid", 0xffffce93fb40, 0) = -1 ENOENT (No such file or directory)
openat(AT_FDCWD, "/tools/acfl/24.04/gcc-13.2.0_AmazonLinux-2/lib64/tls/libm.so.6", O_RDONLY|O_CLOEXEC) = -1 ENOENT (No such file or directory)
newfstatat(AT_FDCWD, "/tools/acfl/24.04/gcc-13.2.0_AmazonLinux-2/lib64/tls", 0xffffce93fb40, 0) = -1 ENOENT (No such file or directory)
openat(AT_FDCWD, "/tools/acfl/24.04/gcc-13.2.0_AmazonLinux-2/lib64/aarch64/cpuid/libm.so.6", O_RDONLY|O_CLOEXEC) = -1 ENOENT (No such file or directory)
newfstatat(AT_FDCWD, "/tools/acfl/24.04/gcc-13.2.0_AmazonLinux-2/lib64/aarch64/cpuid", 0xffffce93fb40, 0) = -1 ENOENT (No such file or directory)
openat(AT_FDCWD, "/tools/acfl/24.04/gcc-13.2.0_AmazonLinux-2/lib64/aarch64/libm.so.6", O_RDONLY|O_CLOEXEC) = -1 ENOENT (No such file or directory)
newfstatat(AT_FDCWD, "/tools/acfl/24.04/gcc-13.2.0_AmazonLinux-2/lib64/aarch64", 0xffffce93fb40, 0) = -1 ENOENT (No such file or directory)
openat(AT_FDCWD, "/tools/acfl/24.04/gcc-13.2.0_AmazonLinux-2/lib64/cpuid/libm.so.6", O_RDONLY|O_CLOEXEC) = -1 ENOENT (No such file or directory)
newfstatat(AT_FDCWD, "/tools/acfl/24.04/gcc-13.2.0_AmazonLinux-2/lib64/cpuid", 0xffffce93fb40, 0) = -1 ENOENT (No such file or directory)
openat(AT_FDCWD, "/tools/acfl/24.04/gcc-13.2.0_AmazonLinux-2/lib64/libm.so.6", O_RDONLY|O_CLOEXEC) = -1 ENOENT (No such file or directory)
newfstatat(AT_FDCWD, "/tools/acfl/24.04/gcc-13.2.0_AmazonLinux-2/lib64", {st_mode=S_IFDIR|0755, st_size=41472, ...}, 0) = 0
openat(AT_FDCWD, "tls/aarch64/cpuid/libm.so.6", O_RDONLY|O_CLOEXEC) = -1 ENOENT (No such file or directory)
openat(AT_FDCWD, "tls/aarch64/libm.so.6", O_RDONLY|O_CLOEXEC) = -1 ENOENT (No such file or directory)
openat(AT_FDCWD, "tls/cpuid/libm.so.6", O_RDONLY|O_CLOEXEC) = -1 ENOENT (No such file or directory)
openat(AT_FDCWD, "tls/libm.so.6", O_RDONLY|O_CLOEXEC) = -1 ENOENT (No such file or directory)
openat(AT_FDCWD, "aarch64/cpuid/libm.so.6", O_RDONLY|O_CLOEXEC) = -1 ENOENT (No such file or directory)
openat(AT_FDCWD, "aarch64/libm.so.6", O_RDONLY|O_CLOEXEC) = -1 ENOENT (No such file or directory)
openat(AT_FDCWD, "cpuid/libm.so.6", O_RDONLY|O_CLOEXEC) = -1 ENOENT (No such file or directory)
openat(AT_FDCWD, "libm.so.6", O_RDONLY|O_CLOEXEC) = -1 ENOENT (No such file or directory)
openat(AT_FDCWD, "/etc/ld.so.cache", O_RDONLY|O_CLOEXEC) = 3
fstat(3, {st_mode=S_IFREG|0644, st_size=91820, ...}) = 0
mmap(NULL, 91820, PROT_READ, MAP_PRIVATE, 3, 0) = 0xffffa3b98000
close(3)                                = 0
openat(AT_FDCWD, "/lib64/libm.so.6", O_RDONLY|O_CLOEXEC) = 3
read(3, "\177ELF\2\1\1\0\0\0\0\0\0\0\0\0\3\0\267\0\1\0\0\0\340\\\0\0\0\0\0\0"..., 832) = 832
fstat(3, {st_mode=S_IFREG|0755, st_size=826336, ...}) = 0
mmap(NULL, 787064, PROT_READ|PROT_EXEC, MAP_PRIVATE|MAP_DENYWRITE, 3, 0) = 0xffff9fdba000
mprotect(0xffff9fe66000, 77824, PROT_NONE) = 0
mmap(0xffff9fe79000, 8192, PROT_READ|PROT_WRITE, MAP_PRIVATE|MAP_FIXED|MAP_DENYWRITE, 3, 0xaf000) = 0xffff9fe79000
close(3)                                = 0
openat(AT_FDCWD, "/opt/arm/armpl/23.10/armpl_23.10_gcc-9.3/lib/libgomp.so.1", O_RDONLY|O_CLOEXEC) = -1 ENOENT (No such file or directory)
openat(AT_FDCWD, "/opt/arm/armpl/gcc/9.3.0/lib64/libgomp.so.1", O_RDONLY|O_CLOEXEC) = 3
read(3, "\177ELF\2\1\1\0\0\0\0\0\0\0\0\0\3\0\267\0\1\0\0\0\0\214\0\0\0\0\0\0"..., 832) = 832
fstat(3, {st_mode=S_IFREG|0755, st_size=1439168, ...}) = 0
mmap(NULL, 329528, PROT_READ|PROT_EXEC, MAP_PRIVATE|MAP_DENYWRITE, 3, 0) = 0xffff9fd69000
mprotect(0xffff9fd9b000, 118784, PROT_NONE) = 0
mmap(0xffff9fdb8000, 8192, PROT_READ|PROT_WRITE, MAP_PRIVATE|MAP_FIXED|MAP_DENYWRITE, 3, 0x3f000) = 0xffff9fdb8000
close(3)                                = 0
openat(AT_FDCWD, "/opt/arm/armpl/23.10/armpl_23.10_gcc-9.3/lib/libgcc_s.so.1", O_RDONLY|O_CLOEXEC) = -1 ENOENT (No such file or directory)
openat(AT_FDCWD, "/opt/arm/armpl/gcc/9.3.0/lib64/libgcc_s.so.1", O_RDONLY|O_CLOEXEC) = 3
read(3, "\177ELF\2\1\1\0\0\0\0\0\0\0\0\0\3\0\267\0\1\0\0\0\0)\0\0\0\0\0\0"..., 832) = 832
fstat(3, {st_mode=S_IFREG|0644, st_size=779144, ...}) = 0
mmap(NULL, 8192, PROT_READ|PROT_WRITE, MAP_PRIVATE|MAP_ANONYMOUS, -1, 0) = 0xffffa3b96000
mmap(NULL, 197712, PROT_READ|PROT_EXEC, MAP_PRIVATE|MAP_DENYWRITE, 3, 0) = 0xffff9fd38000
mprotect(0xffff9fd4b000, 114688, PROT_NONE) = 0
mmap(0xffff9fd67000, 8192, PROT_READ|PROT_WRITE, MAP_PRIVATE|MAP_FIXED|MAP_DENYWRITE, 3, 0x1f000) = 0xffff9fd67000
close(3)                                = 0
openat(AT_FDCWD, "/opt/arm/armpl/23.10/armpl_23.10_gcc-9.3/lib/libpthread.so.0", O_RDONLY|O_CLOEXEC) = -1 ENOENT (No such file or directory)
openat(AT_FDCWD, "/opt/arm/armpl/gcc/9.3.0/lib64/libpthread.so.0", O_RDONLY|O_CLOEXEC) = -1 ENOENT (No such file or directory)
openat(AT_FDCWD, "/opt/arm/armpl/gcc/9.3.0/lib/libpthread.so.0", O_RDONLY|O_CLOEXEC) = -1 ENOENT (No such file or directory)
openat(AT_FDCWD, "/tools/acfl/24.04/gcc-13.2.0_AmazonLinux-2/lib64/libpthread.so.0", O_RDONLY|O_CLOEXEC) = -1 ENOENT (No such file or directory)
openat(AT_FDCWD, "tls/aarch64/cpuid/libpthread.so.0", O_RDONLY|O_CLOEXEC) = -1 ENOENT (No such file or directory)
openat(AT_FDCWD, "tls/aarch64/libpthread.so.0", O_RDONLY|O_CLOEXEC) = -1 ENOENT (No such file or directory)
openat(AT_FDCWD, "tls/cpuid/libpthread.so.0", O_RDONLY|O_CLOEXEC) = -1 ENOENT (No such file or directory)
openat(AT_FDCWD, "tls/libpthread.so.0", O_RDONLY|O_CLOEXEC) = -1 ENOENT (No such file or directory)
openat(AT_FDCWD, "aarch64/cpuid/libpthread.so.0", O_RDONLY|O_CLOEXEC) = -1 ENOENT (No such file or directory)
openat(AT_FDCWD, "aarch64/libpthread.so.0", O_RDONLY|O_CLOEXEC) = -1 ENOENT (No such file or directory)
openat(AT_FDCWD, "cpuid/libpthread.so.0", O_RDONLY|O_CLOEXEC) = -1 ENOENT (No such file or directory)
openat(AT_FDCWD, "libpthread.so.0", O_RDONLY|O_CLOEXEC) = -1 ENOENT (No such file or directory)
openat(AT_FDCWD, "/lib64/libpthread.so.0", O_RDONLY|O_CLOEXEC) = 3
read(3, "\177ELF\2\1\1\3\0\0\0\0\0\0\0\0\3\0\267\0\1\0\0\0\240]\0\0\0\0\0\0"..., 832) = 832
fstat(3, {st_mode=S_IFREG|0755, st_size=189920, ...}) = 0
mmap(NULL, 213968, PROT_READ|PROT_EXEC, MAP_PRIVATE|MAP_DENYWRITE, 3, 0) = 0xffff9fd03000
mprotect(0xffff9fd1f000, 77824, PROT_NONE) = 0
mmap(0xffff9fd32000, 8192, PROT_READ|PROT_WRITE, MAP_PRIVATE|MAP_FIXED|MAP_DENYWRITE, 3, 0x1f000) = 0xffff9fd32000
mmap(0xffff9fd34000, 13264, PROT_READ|PROT_WRITE, MAP_PRIVATE|MAP_FIXED|MAP_ANONYMOUS, -1, 0) = 0xffff9fd34000
close(3)                                = 0
openat(AT_FDCWD, "/opt/arm/armpl/23.10/armpl_23.10_gcc-9.3/lib/libc.so.6", O_RDONLY|O_CLOEXEC) = -1 ENOENT (No such file or directory)
openat(AT_FDCWD, "/opt/arm/armpl/gcc/9.3.0/lib64/libc.so.6", O_RDONLY|O_CLOEXEC) = -1 ENOENT (No such file or directory)
openat(AT_FDCWD, "/opt/arm/armpl/gcc/9.3.0/lib/libc.so.6", O_RDONLY|O_CLOEXEC) = -1 ENOENT (No such file or directory)
openat(AT_FDCWD, "/tools/acfl/24.04/gcc-13.2.0_AmazonLinux-2/lib64/libc.so.6", O_RDONLY|O_CLOEXEC) = -1 ENOENT (No such file or directory)
openat(AT_FDCWD, "tls/aarch64/cpuid/libc.so.6", O_RDONLY|O_CLOEXEC) = -1 ENOENT (No such file or directory)
openat(AT_FDCWD, "tls/aarch64/libc.so.6", O_RDONLY|O_CLOEXEC) = -1 ENOENT (No such file or directory)
openat(AT_FDCWD, "tls/cpuid/libc.so.6", O_RDONLY|O_CLOEXEC) = -1 ENOENT (No such file or directory)
openat(AT_FDCWD, "tls/libc.so.6", O_RDONLY|O_CLOEXEC) = -1 ENOENT (No such file or directory)
openat(AT_FDCWD, "aarch64/cpuid/libc.so.6", O_RDONLY|O_CLOEXEC) = -1 ENOENT (No such file or directory)
openat(AT_FDCWD, "aarch64/libc.so.6", O_RDONLY|O_CLOEXEC) = -1 ENOENT (No such file or directory)
openat(AT_FDCWD, "cpuid/libc.so.6", O_RDONLY|O_CLOEXEC) = -1 ENOENT (No such file or directory)
openat(AT_FDCWD, "libc.so.6", O_RDONLY|O_CLOEXEC) = -1 ENOENT (No such file or directory)
openat(AT_FDCWD, "/lib64/libc.so.6", O_RDONLY|O_CLOEXEC) = 3
read(3, "\177ELF\2\1\1\3\0\0\0\0\0\0\0\0\3\0\267\0\1\0\0\0\340\376\1\0\0\0\0\0"..., 832) = 832
fstat(3, {st_mode=S_IFREG|0755, st_size=1883872, ...}) = 0
mmap(NULL, 1594200, PROT_READ|PROT_EXEC, MAP_PRIVATE|MAP_DENYWRITE, 3, 0) = 0xffff9fb7d000
mprotect(0xffff9fce9000, 65536, PROT_NONE) = 0
mmap(0xffff9fcf9000, 24576, PROT_READ|PROT_WRITE, MAP_PRIVATE|MAP_FIXED|MAP_DENYWRITE, 3, 0x16c000) = 0xffff9fcf9000
mmap(0xffff9fcff000, 13144, PROT_READ|PROT_WRITE, MAP_PRIVATE|MAP_FIXED|MAP_ANONYMOUS, -1, 0) = 0xffff9fcff000
close(3)                                = 0
openat(AT_FDCWD, "/opt/arm/armpl/23.10/armpl_23.10_gcc-9.3/lib/libastring.so", O_RDONLY|O_CLOEXEC) = 3
read(3, "\177ELF\2\1\1\0\0\0\0\0\0\0\0\0\3\0\267\0\1\0\0\0\200\t\0\0\0\0\0\0"..., 832) = 832
fstat(3, {st_mode=S_IFREG|0755, st_size=13680, ...}) = 0
mmap(NULL, 73760, PROT_READ|PROT_EXEC, MAP_PRIVATE|MAP_DENYWRITE, 3, 0) = 0xffff9fb6a000
mprotect(0xffff9fb6c000, 61440, PROT_NONE) = 0
mmap(0xffff9fb7b000, 8192, PROT_READ|PROT_WRITE, MAP_PRIVATE|MAP_FIXED|MAP_DENYWRITE, 3, 0x1000) = 0xffff9fb7b000
close(3)                                = 0
openat(AT_FDCWD, "/opt/arm/armpl/23.10/armpl_23.10_gcc-9.3/lib/librt.so.1", O_RDONLY|O_CLOEXEC) = -1 ENOENT (No such file or directory)
openat(AT_FDCWD, "/opt/arm/armpl/gcc/9.3.0/lib64/librt.so.1", O_RDONLY|O_CLOEXEC) = -1 ENOENT (No such file or directory)
openat(AT_FDCWD, "/opt/arm/armpl/gcc/9.3.0/lib/librt.so.1", O_RDONLY|O_CLOEXEC) = -1 ENOENT (No such file or directory)
openat(AT_FDCWD, "/tools/acfl/24.04/gcc-13.2.0_AmazonLinux-2/lib64/librt.so.1", O_RDONLY|O_CLOEXEC) = -1 ENOENT (No such file or directory)
openat(AT_FDCWD, "tls/aarch64/cpuid/librt.so.1", O_RDONLY|O_CLOEXEC) = -1 ENOENT (No such file or directory)
openat(AT_FDCWD, "tls/aarch64/librt.so.1", O_RDONLY|O_CLOEXEC) = -1 ENOENT (No such file or directory)
openat(AT_FDCWD, "tls/cpuid/librt.so.1", O_RDONLY|O_CLOEXEC) = -1 ENOENT (No such file or directory)
openat(AT_FDCWD, "tls/librt.so.1", O_RDONLY|O_CLOEXEC) = -1 ENOENT (No such file or directory)
openat(AT_FDCWD, "aarch64/cpuid/librt.so.1", O_RDONLY|O_CLOEXEC) = -1 ENOENT (No such file or directory)
openat(AT_FDCWD, "aarch64/librt.so.1", O_RDONLY|O_CLOEXEC) = -1 ENOENT (No such file or directory)
openat(AT_FDCWD, "cpuid/librt.so.1", O_RDONLY|O_CLOEXEC) = -1 ENOENT (No such file or directory)
openat(AT_FDCWD, "librt.so.1", O_RDONLY|O_CLOEXEC) = -1 ENOENT (No such file or directory)
openat(AT_FDCWD, "/lib64/librt.so.1", O_RDONLY|O_CLOEXEC) = 3
read(3, "\177ELF\2\1\1\0\0\0\0\0\0\0\0\0\3\0\267\0\1\0\0\0@\37\0\0\0\0\0\0"..., 832) = 832
fstat(3, {st_mode=S_IFREG|0755, st_size=82104, ...}) = 0
mmap(NULL, 131888, PROT_READ|PROT_EXEC, MAP_PRIVATE|MAP_DENYWRITE, 3, 0) = 0xffff9fb49000
mprotect(0xffff9fb50000, 98304, PROT_NONE) = 0
mmap(0xffff9fb68000, 8192, PROT_READ|PROT_WRITE, MAP_PRIVATE|MAP_FIXED|MAP_DENYWRITE, 3, 0xf000) = 0xffff9fb68000
close(3)                                = 0
openat(AT_FDCWD, "/opt/arm/armpl/23.10/armpl_23.10_gcc-9.3/lib/libdl.so.2", O_RDONLY|O_CLOEXEC) = -1 ENOENT (No such file or directory)
openat(AT_FDCWD, "/opt/arm/armpl/gcc/9.3.0/lib64/libdl.so.2", O_RDONLY|O_CLOEXEC) = -1 ENOENT (No such file or directory)
openat(AT_FDCWD, "/opt/arm/armpl/gcc/9.3.0/lib/libdl.so.2", O_RDONLY|O_CLOEXEC) = -1 ENOENT (No such file or directory)
openat(AT_FDCWD, "/tools/acfl/24.04/gcc-13.2.0_AmazonLinux-2/lib64/libdl.so.2", O_RDONLY|O_CLOEXEC) = -1 ENOENT (No such file or directory)
openat(AT_FDCWD, "tls/aarch64/cpuid/libdl.so.2", O_RDONLY|O_CLOEXEC) = -1 ENOENT (No such file or directory)
openat(AT_FDCWD, "tls/aarch64/libdl.so.2", O_RDONLY|O_CLOEXEC) = -1 ENOENT (No such file or directory)
openat(AT_FDCWD, "tls/cpuid/libdl.so.2", O_RDONLY|O_CLOEXEC) = -1 ENOENT (No such file or directory)
openat(AT_FDCWD, "tls/libdl.so.2", O_RDONLY|O_CLOEXEC) = -1 ENOENT (No such file or directory)
openat(AT_FDCWD, "aarch64/cpuid/libdl.so.2", O_RDONLY|O_CLOEXEC) = -1 ENOENT (No such file or directory)
openat(AT_FDCWD, "aarch64/libdl.so.2", O_RDONLY|O_CLOEXEC) = -1 ENOENT (No such file or directory)
openat(AT_FDCWD, "cpuid/libdl.so.2", O_RDONLY|O_CLOEXEC) = -1 ENOENT (No such file or directory)
openat(AT_FDCWD, "libdl.so.2", O_RDONLY|O_CLOEXEC) = -1 ENOENT (No such file or directory)
openat(AT_FDCWD, "/lib64/libdl.so.2", O_RDONLY|O_CLOEXEC) = 3
read(3, "\177ELF\2\1\1\0\0\0\0\0\0\0\0\0\3\0\267\0\1\0\0\0 \17\0\0\0\0\0\0"..., 832) = 832
fstat(3, {st_mode=S_IFREG|0755, st_size=73984, ...}) = 0
mmap(NULL, 131320, PROT_READ|PROT_EXEC, MAP_PRIVATE|MAP_DENYWRITE, 3, 0) = 0xffff9fb28000
mprotect(0xffff9fb2b000, 114688, PROT_NONE) = 0
mmap(0xffff9fb47000, 8192, PROT_READ|PROT_WRITE, MAP_PRIVATE|MAP_FIXED|MAP_DENYWRITE, 3, 0xf000) = 0xffff9fb47000
close(3)                                = 0
mmap(NULL, 8192, PROT_READ|PROT_WRITE, MAP_PRIVATE|MAP_ANONYMOUS, -1, 0) = 0xffff9fb26000
writev(2, [{iov_base="./BSM", iov_len=5}, {iov_base=": ", iov_len=2}, {iov_base="/opt/arm/armpl/gcc/9.3.0/lib64/l"..., iov_len=45}, {iov_base=": ", iov_len=2}, {iov_base="version `GLIBCXX_3.4.32' not fou"..., iov_len=54}, {iov_base="\n", iov_len=1}], 6./BSM: /opt/arm/armpl/gcc/9.3.0/lib64/libstdc++.so.6: version `GLIBCXX_3.4.32' not found (required by ./BSM)
) = 109
exit_group(1)                           = ?
+++ exited with 1 +++
