
* Info: "ref-cycles" not supported on jf: fallback to "cpu-clock"Global initial seed: 1144545382      argv[1]= 10000     argv[2]= 100
Run 1
 value= 4.828726
Run 2
 value= 5.071769
Run 3
 value= 5.202445
Run 4
 value= 5.188091
Run 5
 value= 5.250192
Run 6
 value= 5.204753
Run 7
 value= 5.185473
Run 8
 value= 5.124281
Run 9
 value= 5.156953
Run 10
 value= 5.150323
Run 11
 value= 5.130045
Run 12
 value= 5.125426
Run 13
 value= 5.109735
Run 14
 value= 5.132865
Run 15
 value= 5.124111
Run 16
 value= 5.143905
Run 17
 value= 5.143185
Run 18
 value= 5.140068
Run 19
 value= 5.151943
Run 20
 value= 5.138971
Run 21
 value= 5.128495
Run 22
 value= 5.131957
Run 23
 value= 5.139101
Run 24
 value= 5.147326
Run 25
 value= 5.134755
Run 26
 value= 5.135088
Run 27
 value= 5.117825
Run 28
 value= 5.125885
Run 29
 value= 5.140108
Run 30
 value= 5.157338
Run 31
 value= 5.150598
Run 32
 value= 5.157034
Run 33
 value= 5.161338
Run 34
 value= 5.163179
Run 35
 value= 5.155427
Run 36
 value= 5.156597
Run 37
 value= 5.162578
Run 38
 value= 5.162176
Run 39
 value= 5.170048
Run 40
 value= 5.157384
Run 41
 value= 5.161871
Run 42
 value= 5.158955
Run 43
 value= 5.163405
Run 44
 value= 5.160627
Run 45
 value= 5.168892
Run 46
 value= 5.170243
Run 47
 value= 5.162452
Run 48
 value= 5.158366
Run 49
 value= 5.161064
Run 50
 value= 5.166645
Run 51
 value= 5.159895
Run 52
 value= 5.156221
Run 53
 value= 5.151863
Run 54
 value= 5.144366
Run 55
 value= 5.142213
Run 56
 value= 5.135416
Run 57
 value= 5.140497
Run 58
 value= 5.147102
Run 59
 value= 5.149150
Run 60
 value= 5.151163
Run 61
 value= 5.152740
Run 62
 value= 5.151117
Run 63
 value= 5.151293
Run 64
 value= 5.152607
Run 65
 value= 5.150946
Run 66
 value= 5.152566
Run 67
 value= 5.157550
Run 68
 value= 5.151347
Run 69
 value= 5.155824
Run 70
 value= 5.151719
Run 71
 value= 5.149138
Run 72
 value= 5.143111
Run 73
 value= 5.141996
Run 74
 value= 5.144761
Run 75
 value= 5.144963
Run 76
 value= 5.141859
Run 77
 value= 5.140235
Run 78
 value= 5.147831
Run 79
 value= 5.145321
Run 80
 value= 5.144751
Run 81
 value= 5.147307
Run 82
 value= 5.149712
Run 83
 value= 5.150338
Run 84
 value= 5.148570
Run 85
 value= 5.147172
Run 86
 value= 5.154107
Run 87
 value= 5.152792
Run 88
 value= 5.157452
Run 89
 value= 5.156624
Run 90
 value= 5.150040
Run 91
 value= 5.149288
Run 92
 value= 5.155252
Run 93
 value= 5.158936
Run 94
 value= 5.158590
Run 95
 value= 5.164988
Run 96
 value= 5.165503
Run 97
 value= 5.164659
Run 98
 value= 5.167973
Run 99
 value= 5.166957
Run 100
 value= 5.161662
 Result= 5.161662 in 0.053065 seconds

* Info: Callchains info will be incomplete
* Info: Try to recompile your application with -fno-omit-frame-pointer or to rerun with btm=stack
* Info: Dumping samples (host jf, process 212041)
* Info: Dumping source info for callchain nodes (host jf, process 212041)
* Info: Building/writing metadata (host jf)
* Info: Finished collect step (host jf, process 212041)

Your experiment path is /home/jf/Documents/M2R_SETI/Hackathon_Teratec/Black-sholes/maqao_2025-01-21_14-46-58/tools/lprof_npsu_run_0

To display your profiling results:
#######################################################################################################################################################################
#    LEVEL    |     REPORT     |                                                               COMMAND                                                                #
#######################################################################################################################################################################
#  Functions  |  Cluster-wide  |  maqao lprof -df xp=/home/jf/Documents/M2R_SETI/Hackathon_Teratec/Black-sholes/maqao_2025-01-21_14-46-58/tools/lprof_npsu_run_0      #
#  Functions  |  Per-node      |  maqao lprof -df -dn xp=/home/jf/Documents/M2R_SETI/Hackathon_Teratec/Black-sholes/maqao_2025-01-21_14-46-58/tools/lprof_npsu_run_0  #
#  Functions  |  Per-process   |  maqao lprof -df -dp xp=/home/jf/Documents/M2R_SETI/Hackathon_Teratec/Black-sholes/maqao_2025-01-21_14-46-58/tools/lprof_npsu_run_0  #
#  Functions  |  Per-thread    |  maqao lprof -df -dt xp=/home/jf/Documents/M2R_SETI/Hackathon_Teratec/Black-sholes/maqao_2025-01-21_14-46-58/tools/lprof_npsu_run_0  #
#  Loops      |  Cluster-wide  |  maqao lprof -dl xp=/home/jf/Documents/M2R_SETI/Hackathon_Teratec/Black-sholes/maqao_2025-01-21_14-46-58/tools/lprof_npsu_run_0      #
#  Loops      |  Per-node      |  maqao lprof -dl -dn xp=/home/jf/Documents/M2R_SETI/Hackathon_Teratec/Black-sholes/maqao_2025-01-21_14-46-58/tools/lprof_npsu_run_0  #
#  Loops      |  Per-process   |  maqao lprof -dl -dp xp=/home/jf/Documents/M2R_SETI/Hackathon_Teratec/Black-sholes/maqao_2025-01-21_14-46-58/tools/lprof_npsu_run_0  #
#  Loops      |  Per-thread    |  maqao lprof -dl -dt xp=/home/jf/Documents/M2R_SETI/Hackathon_Teratec/Black-sholes/maqao_2025-01-21_14-46-58/tools/lprof_npsu_run_0  #
#######################################################################################################################################################################

