
* Info: "ref-cycles" not supported on jf: fallback to "cpu-clock"Global initial seed: 3498827758      argv[1]= 1000000     argv[2]= 1000
Run 442
Run 939Run Run 
505629

Run Run 379
1
Run Run 316Run 127Run 
Run 64Run 253
Run Run 815
Run 691877

190567

Run 

753
 value= 0.011604
Run 443
 value= 5.136595
Run 2
 value= 0.010150
Run 506
 value= 0.020314
Run 254
 value= 0.005841
Run 878
 value= 0.080207
Run 65
 value= 0.008185
Run 630
 value= 0.005461
Run 940
 value= 0.009064
Run 568
 value= 0.016295
Run 317
 value=  value= 0.027074
Run 191
 value= 0.007407
Run 692
0.006299
Run 816
 value= 0.013551
Run 380
 value= 0.040484
Run 128
 value= 0.006809
Run 754
 value= 0.023174
Run 444
 value= 0.020292
Run 507
 value= 0.040450
Run 255
 value= 0.011688
Run 879
 value= 5.140377
Run 3
 value= 0.157898
Run 66
 value= 0.016335
Run 631
 value= 0.018093
Run 569
 value= 0.012582
Run 817
 value= 0.010924
Run 941
 value= 0.053890
Run 192
 value= 0.032473
Run 318
 value= 0.080270
Run 129
 value= 0.014812
Run 693
 value= 0.027009
Run 381
 value= 0.013615
Run 755
 value= 0.034680
Run 445
 value= 0.030388
Run 508
 value= 0.060396
Run 256
 value= 0.024451
Run 632
 value= 5.139986
Run 4
 value= 0.017519
Run 880
 value= 0.233544
Run 67
 value= 0.027088
Run 570
 value= 0.018855
Run 818
 value= 0.119615
Run 130
 value= 0.048566
Run 319
 value= 0.016372
Run 942
 value= 0.040411
Run 382
 value= 0.022200
Run 694
 value= 0.020402
Run 756
 value= 0.080345
Run 193
 value= 0.046124
Run 446
 value= 0.080217
Run 257
 value= 0.032548
Run 633
 value= 0.023338
Run 881
 value= 0.307087
Run 68
 value= 0.036059
Run 571
 value= 0.025116
Run 819
 value= 0.158322
Run 131
 value= 0.021810
Run 943
 value= 0.064441
Run 320
 value= 5.140483
Run 5
 value= 0.029561
Run 695
 value= 0.053771
Run 383
 value= 0.027145
Run 757
 value= 0.040476
Run 509
 value= 0.106479
Run 194
 value= 0.057542
Run 447
 value= 0.099916
Run 258
 value= 0.040603
Run 634
 value= 0.029159
Run 882
 value= 0.378057
Run 69
 value= 0.044980
Run 572
 value= 0.031363
Run 820
 value= 0.196380
Run 132
 value= 0.027235
Run 944
 value= 0.080332
Run 321
 value= 0.067095
Run 384
 value= 0.036946
Run 696
 value= 5.141534
Run 6
 value= 0.033918
Run 758
 value= 0.050505
Run 510
 value= 0.119447
Run 259
 value= 0.068870
Run 448
 value= 0.447114
Run 70
 value= 0.034957
Run 883
 value= 0.048616
Run 635
 value= 0.053874
Run 573
 value= 0.037578
Run 821
 value= 0.132327
Run 195
 value= 0.233778
Run 133
 value= 0.096070
Run 322
 value= 5.138816
Run 7
 value= 0.044275
Run 697
 value= 0.080298
Run 385
 value= 0.032630
Run 945
 value= 0.040650
Run 759
 value= 0.060460
Run 511
 value= 0.138812
Run 260
 value= 0.080191
Run 449
 value= 0.513925
Run 71
 value= 0.040732
Run 884
 value= 0.056666
Run 636
 value= 0.062722
Run 574
 value= 0.043779
Run 822
 value= 0.270668
Run 134
 value= 5.138604
Run 8
 value= 0.111694
Run 323
 value= 0.051576
Run 698
 value= 0.093444
Run 386
 value= 0.047366
Run 760
 value= 0.070399
Run 512
 value= 0.038027
Run 946
 value= 0.157986
Run 196
 value= 0.158080
Run 261
 value= 0.091442
Run 450
 value= 0.578964
Run 72
 value= 0.046500
Run 885
 value= 0.071574
Run 575
 value= 0.049998
Run 823
 value= 0.307054
Run 135
 value= 0.064645
Run 637
 value= 5.141546
Run 9
 value= 0.058836
Run 699
 value= 0.127220
Run 324
 value= 0.106538
Run 387
 value= 0.054053
Run 761
 value= 0.080322
Run 513
 value= 0.043435
Run 947
 value= 0.183369
Run 197
 value= 0.177229
Run 262
 value= 0.102639
Run 451
 value= 0.642179
Run 73
 value= 0.052261
Run 886
 value= 0.080379
Run 576
 value= 0.056172
Run 824
 value= 0.342858
Run 136
 value= 0.072572
Run 638
 value= 5.139671
Run 10
 value= 0.142675
Run 325
 value= 0.066106
Run 700
 value= 0.119516
Run 388
 value= 0.060725
Run 762
 value= 0.090191
Run 514
 value= 0.048815
Run 948
 value= 0.208483
Run 198
 value= 0.113821
Run 452
 value= 0.196206
Run 263
 value= 0.703691
Run 74
 value= 0.057992
Run 887
 value= 0.089173
Run 577
 value= 0.062323
Run 825
 value= 0.378085
Run 137
 value= 5.137729
Run 11
 value= 0.080474
Run 639
 value= 0.158072
Run 326
 value= 0.073364
Run 701
 value= 0.132463
Run 389
 value= 0.067387
Run 763
 value= 0.100015
Run 515
 value= 0.233383
Run 199
 value= 0.054188
Run 949
 value= 0.124934
Run 453
 value= 0.215016
Run 264
 value= 0.763494
Run 75
 value= 0.063708
Run 888
 value= 0.097931
Run 578
 value= 0.068475
Run 826
 value= 5.137424
Run 12
 value= 0.412958
Run 138
 value= 0.088397
Run 640
 value= 0.173407
Run 327
 value= 0.080594
Run 702
 value= 0.145346
Run 390
 value= 0.109766
Run 516
 value= 0.074021
Run 764
 value= 0.258061
Run 200
 value= 0.059533
Run 950
 value= 0.136006
Run 454
 value= 0.233657
Run 265
 value= 0.821739
Run 76
 value= 0.069420
Run 889
 value= 0.106623
Run 579
 value= 0.074622
Run 827
 value= 5.137879
Run 13
 value= 0.447150
Run 139
 value= 0.096283
Run 641
 value= 0.188618
Run 328
 value= 0.087827
Run 703
 value= 0.158113
Run 391
 value= 0.119489
Run 517
 value= 0.080618
Run 765
 value= 0.282424
Run 201
 value= 0.064867
Run 951
 value= 0.147005
Run 455
 value= 0.252180
Run 266
 value= 0.075137
Run 890
 value= 0.878536
Run 77
 value= 0.115321
Run 580
 value= 5.138613
Run 14
 value= 0.080737
Run 828
 value= 0.480960
Run 140
 value= 0.104146
Run 642
 value= 0.203799
Run 329
 value= 0.095008
Run 704
 value= 0.170852
Run 392
 value= 0.129156
Run 518
 value= 0.087229
Run 766
 value= 0.306506
Run 202
 value= 0.070193
Run 952
 value= 0.157969
Run 456
 value= 0.270487
Run 267
 value= 0.933768
Run 78
 value= 0.080828
Run 891
 value= 0.123986
Run 581
 value= 5.139445
Run 15
 value= 0.086834
Run 829
 value= 0.514199
Run 141
 value= 0.111988
Run 643
 value= 0.218809
Run 330
 value= 0.102157
Run 705
 value= 0.183550
Run 393
 value= 0.138828
Run 519
 value= 0.330404
Run 203
 value= 0.075517
Run 953
 value= 0.168923
Run 457
 value= 0.288719
Run 268
 value= 0.987526
Run 79
 value= 0.086503
Run 892
 value= 0.132615
Run 582
 value= 5.139119
Run 16
 value= 0.547122
Run 142
 value= 0.092890
Run 830
 value= 0.119816
Run 644
 value= 0.093824
Run 767
 value= 0.233672
Run 331
 value= 0.109313
Run 706
 value= 0.196187
Run 394
 value= 0.148474
Run 520
 value= 0.354087
Run 204
 value= 0.080839
Run 954
 value= 0.179789
Run 458
 value= 0.306874
Run 269
 value= 1.040239
Run 80
 value= 0.092157
Run 893
 value= 0.141214
Run 583
 value= 5.138680
Run 17
 value= 0.098970
Run 831
 value= 0.579408
Run 143
 value= 0.127618
Run 645
 value= 0.100400
Run 768
 value= 0.116405
Run 707
 value= 0.248423
Run 332
 value= 0.208687
Run 395
 value= 0.158074
Run 521
 value= 0.377494
Run 205
 value= 0.086151
Run 955
 value= 0.190595
Run 459
 value= 0.324860
Run 270
 value= 1.091626
Run 81
 value= 0.097816
Run 894
 value= 0.149792
Run 584
 value= 5.137476
Run 18
 value= 0.611158
Run 144
 value= 0.105024
Run 832
 value= 0.135402
Run 646
 value= 0.106983
Run 769
 value= 0.263151
Run 333
 value= 0.123514
Run 708
 value= 0.221180
Run 396
 value= 0.167665
Run 522
 value= 0.400682
Run 206
 value= 0.091442
Run 956
 value= 0.201407
Run 460
 value= 0.342667
Run 271
 value= 0.103432
Run 895
 value= 1.141569
Run 82
 value= 0.158345
Run 585
 value= 5.138429
Run 19
 value= 0.111068
Run 833
 value= 0.642585
Run 145
 value= 0.143149
Run 647
 value= 0.113505
Run 770
 value= 0.130611
Run 709
 value= 0.277786
Run 334
 value= 0.177201
Run 523
 value= 0.233563
Run 397
 value= 0.423623
Run 207
 value= 0.096723
Run 957
 value= 0.212128
Run 461
 value= 0.360363
Run 272
 value= 0.109061
Run 896
 value= 1.190255
Run 83
 value= 0.166848
Run 586
 value= 5.139066
Run 20
 value= 0.117115
Run 834
 value= 0.673612
Run 146
 value= 0.150864
Run 648
 value= 0.120022
Run 771
 value= 0.137675
Run 710
 value= 0.292366
Run 335
 value= 0.186706
Run 524
 value= 0.245893
Run 398
 value= 0.446423
Run 208
 value= 0.101963
Run 958
 value= 0.222755
Run 462
 value= 0.377884
Run 273
 value= 1.237886
Run 84
 value= 0.114676
Run 897
 value= 0.175302
Run 587
 value= 5.139040
Run 21
 value= 0.123129
Run 835
 value= 0.704174
Run 147
 value= 0.158565
Run 649
 value= 0.144718
Run 711
 value= 0.306851
Run 336
 value= 0.196137
Run 525
 value= 0.126544
Run 772
 value= 0.469020
Run 209
 value= 0.233390
Run 463
 value= 0.107211
Run 959
 value= 0.395342
Run 274
 value= 0.183761
Run 588
 value= 5.138677
Run 22
 value= 0.258202
Run 399
 value= 0.120296
Run 898
 value= 0.129111
Run 836
 value= 1.284250
Run 85
 value= 0.166221
Run 650
 value= 0.734320
Run 148
 value= 0.151742
Run 712
 value= 0.321248
Run 337
 value= 0.205538
Run 526
 value= 0.133032
Run 773
 value= 0.243978
Run 464
 value= 0.491379
Run 210
 value= 0.112447
Run 960
 value= 5.139188
Run 23
 value= 0.192160
Run 589
 value= 0.412595
Run 275
 value= 0.135095
Run 837
 value= 0.125892
Run 899
 value= 1.329567
Run 86
 value= 0.270478
Run 400
 value= 0.173862
Run 651
 value= 0.335546
Run 338
 value= 0.158738
Run 713
 value= 0.764029
Run 149
 value= 0.214930
Run 527
 value= 0.139491
Run 774
 value= 0.254531
Run 465
 value= 0.513581
Run 211
 value= 0.117654
Run 961
 value= 5.138544
Run 24
 value= 0.200584
Run 590
 value= 0.131459
Run 900
 value= 0.141067
Run 838
 value= 0.429824
Run 276
 value= 1.373806
Run 87
 value= 0.282653
Run 401
 value= 0.349703
Run 339
 value= 0.165684
Run 714
 value= 0.224301
Run 528
 value= 0.181483
Run 652
 value= 0.793650
Run 150
 value= 0.145937
Run 775
 value= 0.265015
Run 466
 value= 0.122890
Run 962
 value= 0.535450
Run 212
 value= 5.138945
Run 25
 value= 0.208928
Run 591
 value= 0.137022
Run 901
 value= 0.147027
Run 839
 value= 0.446913
Run 277
 value= 1.417094
Run 88
 value= 0.363805
Run 340
 value= 0.172632
Run 715
 value= 0.233595
Run 529
 value= 0.294717
Run 402
 value= 0.189100
Run 653
 value= 0.152376
Run 776
 value= 0.822599
Run 151
 value= 0.275463
Run 467
 value= 0.128107
Run 963
 value= 0.557099
Run 213
 value= 5.139466
Run 26
 value= 0.217257
Run 592
 value= 0.152985
Run 840
 value= 0.142578
Run 902
 value= 0.463816
Run 278
 value= 0.242855
Run 530
 value= 1.459515
Run 89
 value= 0.377825
Run 341
 value= 0.179554
Run 716
 value= 0.306788
Run 403
 value= 0.158799
Run 777
 value= 0.851204
Run 152
 value= 0.285862
Run 468
 value= 0.578675
Run 214
 value= 0.133309
Run 964
 value= 5.140114
Run 27
 value= 0.196674
Run 654
 value= 0.225556
Run 593
 value= 0.158911
Run 841
 value= 0.148106
Run 903
 value= 0.252100
Run 531
 value= 1.500800
Run 90
 value= 0.318798
Run 404
 value= 0.391727
Run 342
 value= 0.186478
Run 717
 value= 0.165197
Run 778
 value= 0.480573
Run 279
 value= 0.296195
Run 469
 value= 0.600001
Run 215
 value= 0.138511
Run 965
 value= 5.140426
Run 28
 value= 0.879435
Run 153
 value= 0.233805
Run 594
 value= 0.204226
Run 655
 value= 0.164838
Run 842
 value= 0.153638
Run 904
 value= 0.261260
Run 532
 value= 0.330708
Run 405
 value= 1.540971
Run 91
 value= 0.405614
Run 343
 value= 0.193338
Run 718
 value= 0.171586
Run 779
 value= 0.497252
Run 280
 value= 0.306521
Run 470
 value= 0.621132
Run 216
 value= 0.143681
Run 966
 value= 5.140651
Run 29
 value= 0.242071
Run 595
 value= 0.907129
Run 154
 value= 0.211751
Run 656
 value= 0.170737
Run 843
 value= 0.159148
Run 905
 value= 0.270428
Run 533
 value= 0.342555
Run 406
 value= 1.580439
Run 92
 value= 0.419352
Run 344
 value= 0.177965
Run 780
 value= 0.200223
Run 719
 value= 0.642018
Run 217
 value= 0.316797
Run 471
 value= 5.140470
Run 30
 value= 0.148845
Run 967
 value= 0.250306
Run 596
 value= 0.513827
Run 281
 value= 0.176645
Run 844
 value= 0.219297
Run 657
 value= 0.934549
Run 155
 value= 0.279554
Run 534
 value= 0.164641
Run 906
 value= 0.354387
Run 407
 value= 1.619076
Run 93
 value= 0.184303
Run 781
 value= 0.433085
Run 345
 value= 0.207049
Run 720
 value= 0.662742
Run 218
 value= 0.327049
Run 472
 value= 5.140458
Run 31
 value= 0.154010
Run 968
 value= 0.530372
Run 282
 value= 0.258499
Run 597
 value= 0.182560
Run 845
 value= 0.226787
Run 658
 value= 0.961502
Run 156
 value= 0.288640
Run 535
 value= 0.366174
Run 408
 value= 0.190641
Run 782
 value= 0.170146
Run 907
 value= 1.657076
Run 94
 value= 0.446725
Run 346
 value= 0.213883
Run 721
 value= 0.683355
Run 219
 value= 0.337197
Run 473
 value= 5.140452
Run 32
 value= 0.159140
Run 969
 value= 0.266652
Run 598
 value= 0.188434
Run 846
 value= 0.234280
Run 659
 value= 0.546680
Run 283
 value= 0.988265
Run 157
 value= 0.297690
Run 536
 value= 0.377865
Run 409
 value= 0.196956
Run 783
 value= 1.694227
Run 95
 value= 0.460246
Run 347
 value= 0.175601
Run 908
 value= 0.703648
Run 220
 value= 0.220719
Run 722
 value= 0.347362
Run 474
 value= 5.140936
Run 33
 value= 0.164273
Run 970
 value= 0.274788
Run 599
 value= 0.194279
Run 847
 value= 0.562891
Run 284
 value= 0.241748
Run 660
 value= 0.306748
Run 537
 value= 1.014637
Run 158
 value= 0.203244
Run 784
 value= 0.389449
Run 410
 value= 1.730410
Run 96
 value= 0.723904
Run 221
 value= 0.473672
Run 348
 value= 0.181077
Run 909
 value= 0.357510
Run 475
 value= 5.141113
Run 34
 value= 0.227496
Run 723
 value= 0.169381
Run 971
 value= 0.282877
Run 600
 value= 0.200114
Run 848
 value= 0.315779
Run 538
 value= 0.578987
Run 285
 value= 0.249157
Run 661
 value= 1.040757
Run 159
 value= 0.209572
Run 785
 value= 0.401031
Run 411
 value= 1.765814
Run 97
 value= 0.743802
Run 222
 value= 0.487044
Run 349
 value= 5.141115
Run 35
 value= 0.367551
Run 476
 value= 0.174508
Run 972
 value= 0.186542
Run 910
 value= 0.234275
Run 724
 value= 0.290957
Run 601
 value= 0.205920
Run 849
 value= 0.324722
Run 539
 value= 0.594974
Run 286
 value= 0.256546
Run 662
 value= 0.215850
Run 786
 value= 0.412487
Run 412
 value= 1.066530
Run 160
 value= 0.763568
Run 223
 value= 1.800559
Run 98
 value= 0.500373
Run 350
 value= 5.141058
Run 36
 value= 0.377592
Run 477
 value= 0.179623
Run 973
 value= 0.241031
Run 725
 value= 0.191986
Run 911
 value= 0.299013
Run 602
 value= 0.211728
Run 850
 value= 0.333647
Run 540
 value= 0.610817
Run 287
 value= 0.222107
Run 787
 value= 0.423915
Run 413
 value= 0.263904
Run 663
 value= 1.091902
Run 161
 value= 0.783140
Run 224
 value= 5.140599
Run 37
 value= 0.513593
Run 351
 value= 1.834709
Run 99
 value= 0.387561
Run 478
 value= 0.184712
Run 974
 value= 0.247790
Run 726
 value= 0.197413
Run 912
 value= 0.307047
Run 603
 value= 0.217526
Run 851
 value= 0.342525
Run 541
 value= 0.228356
Run 788
 value= 0.626605
Run 288
 value= 0.435313
Run 414
 value= 0.802507
Run 225
 value= 0.271215
Run 664
 value= 1.117011
Run 162
 value= 5.140315
Run 38
 value= 0.397484
Run 479
 value= 0.526763
Run 352
 value= 0.189783
Run 975
 value= 1.868025
Run 100
 value= 0.254522
Run 727
 value= 0.315053
Run 604
 value= 0.202847
Run 913
 value= 0.223291
Run 852
 value= 0.351363
Run 542
 value= 0.234565
Run 789
 value= 0.642260
Run 289
 value= 0.446656
Run 415
 value= 0.821733
Run 226
 value= 5.139963
Run 39
 value= 0.407386
Run 480
 value= 0.278528
Run 665
 value= 0.194858
Run 976
 value= 1.141869
Run 163
 value= 0.539915
Run 353
 value= 1.900853
Run 101
 value= 0.261251
Run 728
 value= 0.323046
Run 605
 value= 0.208244
Run 914
 value= 0.229035
Run 853
 value= 0.360166
Run 543
 value= 0.240797
Run 790
 value= 0.657867
Run 290
 value= 0.457976
Run 416
 value= 0.840808
Run 227
 value= 5.139789
Run 40
 value= 0.417223
Run 481
 value= 0.199907
Run 977
 value= 1.166323
Run 164
 value= 0.285828
Run 666
 value= 1.932886
Run 102
 value= 0.552931
Run 354
 value= 0.267976
Run 729
 value= 0.331002
Run 606
 value= 0.213640
Run 915
 value= 0.234796
Run 854
 value= 0.368963
Run 544
 value= 0.247027
Run 791
 value= 0.469252
Run 417
 value= 0.859761
Run 228
 value= 5.139642
Run 41
 value= 0.673301
Run 291
 value= 0.427048
Run 482
 value= 0.204956
Run 978
 value= 1.964334
Run 103
 value= 0.565913
Run 355
 value= 1.190537
Run 165
 value= 0.293118
Run 667
 value= 0.338928
Run 607
 value= 0.274673
Run 730
 value= 0.219001
Run 916
 value= 0.240540
Run 855
 value= 0.377752
Run 545
 value= 0.253201
Run 792
 value= 0.878557
Run 229
 value= 0.480487
Run 418
 value= 5.139802
Run 42
 value= 0.688670
Run 292
 value= 0.436806
Run 483
 value= 0.209989
Run 979
 value= 1.995029
Run 104
 value= 0.578787
Run 356
 value= 1.214353
Run 166
 value= 0.346812
Run 608
 value= 0.281336
Run 731
 value= 0.300392
Run 668
 value= 0.224379
Run 917
 value= 0.246269
Run 856
 value= 0.386467
Run 546
 value= 0.259365
Run 793
 value= 0.897187
Run 230
 value= 5.139387
Run 43
 value= 0.491609
Run 419
 value= 0.446574
Run 484
 value= 0.215028
Run 980
 value= 2.025217
Run 105
 value= 0.591653
Run 357
 value= 0.354704
Run 609
 value= 0.287980
Run 732
 value= 1.237957
Run 167
 value= 0.229734
Run 918
 value= 0.307643
Run 669
 value= 0.395151
Run 547
 value= 0.251978
Run 857
 value= 0.703954
Run 293
 value= 0.265498
Run 794
 value= 0.915615
Run 231
 value= 5.139454
Run 44
 value= 0.456300
Run 485
 value= 0.502703
Run 420
 value= 0.220036
Run 981
 value= 0.604367
Run 358
 value= 0.362549
Run 610
 value= 0.294602
Run 733
 value= 2.054862
Run 106
 value= 0.403823
Run 548
 value= 1.261291
Run 168
 value= 0.235074
Run 919
 value= 0.257666
Run 858
 value= 0.314868
Run 670
 value= 0.271639
Run 795
 value= 0.719190
Run 294
 value= 0.933847
Run 232
 value= 5.139616
Run 45
 value= 0.465927
Run 486
 value= 0.513757
Run 421
 value= 0.225052
Run 982
 value= 0.301202
Run 734
 value= 0.617016
Run 359
 value= 0.370388
Run 611
 value= 2.083726
Run 107
 value= 0.412471
Run 549
 value= 0.240428
Run 920
 value= 1.284319
Run 169
 value=  value= 0.322061
Run 671
0.263357
Run 859
 value= 0.277756
Run 796
 value= 0.734095
Run 295
 value= 5.139444
Run 46
 value= 0.951956
Run 233
 value= 0.475520
Run 487
 value= 0.230058
Run 983
 value= 0.524733
Run 422
 value= 0.307800
Run 735
 value= 0.629592
Run 360
 value= 0.378191
Run 612
 value= 0.421079
Run 550
 value= 2.112185
Run 108
 value= 0.245753
Run 921
 value= 0.329229
Run 672
 value= 1.307202
Run 170
 value= 0.283856
Run 797
 value= 0.269036
Run 860
 value= 5.139617
Run 47
 value= 0.749023
Run 296
 value= 0.969915
Run 234
 value= 0.485126
Run 488
 value= 0.235054
Run 984
 value= 0.535694
Run 423
 value= 0.314362
Run 736
 value= 0.385942
Run 613
 value= 0.642222
Run 361
 value= 0.429659
Run 551
 value= 0.251059
Run 922
 value= 2.140312
Run 109
 value= 0.336386
Run 673
 value= 1.329688
Run 171
 value= 0.289973
Run 798
 value= 0.274696
Run 861
 value= 5.139879
Run 48
 value= 0.763823
Run 297
 value= 0.987717
Run 235
 value= 0.494670
Run 489
 value= 0.240023
Run 985
 value= 0.546540
Run 424
 value= 0.393684
Run 614
 value= 0.320919
Run 737
 value= 0.654639
Run 362
 value= 0.438235
Run 552
 value= 0.256357
Run 923
 value= 2.167855
Run 110
 value= 0.343521
Run 674
 value= 1.351950
Run 172
 value= 0.296043
Run 799
 value= 5.140025
Run 49
 value= 1.005306
Run 236
 value= 0.280339
Run 862
 value= 0.778570
Run 298
 value= 0.504119
Run 490
 value= 0.245008
Run 986
 value= 0.557391
Run 425
 value= 0.401407
Run 615
 value= 0.327441
Run 738
 value= 0.666994
Run 363
 value= 0.446778
Run 553
 value= 0.261632
Run 924
 value= 2.194863
Run 111
 value= 0.350629
Run 675
 value= 1.373922
Run 173
 value= 0.302093
Run 800
 value= 5.139815
Run 50
 value= 1.022771
Run 237
 value= 0.285966
Run 863
 value= 0.793175
Run 299
 value= 0.513546
Run 491
 value= 0.249974
Run 987
 value= 0.568170
Run 426
 value= 0.409113
Run 616
 value= 0.333957
Run 739
 value= 0.679364
Run 364
 value= 0.455253
Run 554
 value= 0.266905
Run 925
 value= 2.221376
Run 112
 value= 0.357698
Run 676
 value= 1.395697
Run 174
 value= 0.308112
Run 801
 value= 5.139514
Run 51
 value= 1.040086
Run 238
 value= 0.291598
Run 864
 value= 0.807703
Run 300
 value= 0.522990
Run 492
 value= 0.254923
Run 988
 value= 0.578868
Run 427
 value= 0.416770
Run 617
 value= 0.340459
Run 740
 value= 0.691604
Run 365
 value= 0.463715
Run 555
 value= 0.272165
Run 926
 value= 2.247158
Run 113
 value= 0.364773
Run 677
 value= 1.417231
Run 175
 value= 0.314141
Run 802
 value= 5.139622
Run 52
 value= 1.057264
Run 239
 value= 0.532331
Run 493
 value= 0.822133
Run 301
 value= 0.297206
Run 865
 value= 0.259870
Run 989
 value= 0.589540
Run 428
 value= 0.424445
Run 618
 value= 0.346951
Run 741
 value= 0.472122
Run 556
 value= 0.703748
Run  value= 366
0.277413
Run 927
 value= 2.272694
Run 114
 value= 0.371815
Run 678
 value= 0.320157
Run 803
 value= 1.438535
Run 176
 value= 5.139441
Run 53
 value= 1.074334
Run 240
 value= 0.541657
Run 494
 value= 0.836411
Run 302
 value= 0.302783
Run 866
 value= 0.264792
Run 990
 value= 0.600178
Run 429
 value= 0.432082
Run 619
 value= 0.353411
Run 742
 value= 0.480484
Run 557
 value= 0.282660
Run 928
 value= 0.715843
Run 367
 value= 2.297849
Run 115
 value= 0.378818
Run 679
 value= 0.326169
Run 804
 value= 1.459414
Run 177
 value= 5.139318
Run 54
 value= 1.091266
Run 241
 value= 0.550934
Run 495
 value= 0.850646
Run 303
 value= 0.308374
Run 867
 value= 0.269708
Run 991
 value= 0.610715
Run 430
 value= 0.439690
Run 620
 value= 0.359876
Run 743
 value= 0.488834
Run 558
 value= 0.287870
Run 929
 value= 0.727888
Run 368
 value= 0.332165
Run 805
 value= 0.385831
Run 680
 value= 1.480189
Run 178
 value= 5.139188
Run 55
 value= 1.108043
Run 242
 value= 0.560202
Run 496
 value= 0.864762
Run 304
 value= 0.313956
Run 868
 value= 0.274623
Run 992
 value= 0.621256
Run 431
 value= 0.447281
Run 621
 value= 0.366292
Run 744
 value= 0.293071
Run 930
 value= 0.497154
Run 559
 value= 0.739801
Run 369
 value= 2.322504
Run 116
 value= 0.392822
Run 681
 value= 1.500829
Run 179
 value= 0.338134
Run 806
 value= 5.139380
Run 56
 value= 1.124693
Run 243
 value= 0.569418
Run 497
 value= 0.878854
Run 305
 value= 0.279548
Run 993
 value= 0.319527
Run 869
 value= 0.454827
Run 622
 value= 0.631739
Run 432
 value= 0.372710
Run 745
 value= 0.298282
Run 931
 value= 0.505448
Run 560
 value= 0.751688
Run 370
 value= 0.399795
Run 682
 value= 1.521264
Run 180
 value= 2.346850
Run 117
 value= 0.344092
Run 807
 value= 5.139017
Run 57
 value= 1.141240
Run 244
 value= 0.578644
Run 498
 value= 0.892795
Run 306
 value= 0.284451
Run 994
 value= 0.462345
Run 623
 value= 0.379104
Run 746
 value= 0.303466
Run 932
 value= 0.513701
Run 561
 value= 0.325087
Run 870
 value= 0.642171
Run 433
 value= 0.763534
Run 371
 value= 0.406773
Run 683
 value= 2.370692
Run 118
 value= 1.541354
Run 181
 value= 0.350034
Run 808
 value= 5.139087
Run 58
 value= 1.157612
Run 245
 value= 0.587816
Run 499
 value= 0.906705
Run 307
 value= 0.289332
Run 995
 value= 0.469827
Run 624
 value= 0.385464
Run 747
 value= 0.308643
Run 933
 value= 0.521967
Run 562
 value= 0.775294
Run 372
 value= 0.330612
Run 871
 value= 0.413688
Run 684
 value= 0.652572
Run 434
 value= 2.394065
Run 119
 value= 0.355941
Run 809
 value= 1.561253
Run 182
 value= 5.138990
Run 59
 value= 1.173902
Run 246
 value= 0.596931
Run 500
 value= 0.920489
Run 308
 value= 0.294209
Run 996
 value= 0.477294
Run 625
 value= 0.313837
Run 934
 value= 0.530189
Run 563
 value= 0.391828
Run 748
 value= 0.787045
Run 373
 value= 0.420582
Run 685
 value= 0.361853
Run 810
 value= 2.417172
Run 120
 value= 5.139043
Run 60
 value= 0.606031
Run 501
 value= 1.189999
Run 247
 value= 1.580856
Run 183
 value= 0.662907
Run 435
 value= 0.336123
Run 872
 value= 0.934142
Run 309
 value= 0.484743
Run 626
 value= 0.538357
Run 564
 value= 0.319012
Run 935
 value= 0.398170
Run 749
 value= 0.299076
Run 997
 value= 0.798653
Run 374
 value= 0.367754
Run 811
 value= 2.440046
Run 121
 value= 5.139147
Run 61
 value= 0.427465
Run 686
 value= 0.615064
Run 502
 value= 1.205968
Run 248
 value= 0.673205
Run 436
 value= 0.341609
Run 873
 value= 1.600289
Run 184
 value= 0.947713
Run 310
 value= 0.546497
Run 565
 value= 0.324178
Run 936
 value= 0.492169
Run 627
 value= 0.404519
Run 750
 value= 0.303923
Run 998
 value= 0.810248
Run 375
 value= 0.373636
Run 812
 value= 2.462258
Run 122
 value= 5.139142
Run 62
 value= 0.624059
Run 503
 value= 0.434321
Run 687
 value= 1.221826
Run 249
 value= 0.683467
Run 437
 value= 0.347125
Run 874
 value= 1.619485
Run 185
 value= 0.961268
Run 311
 value= 0.554640
Run 566
 value= 0.329325
Run 937
 value= 0.499583
Run 628
 value= 0.410810
Run 751
 value= 0.308763
Run 999
 value= 0.821773
Run 376
 value= 0.379480
Run 813
 value= 5.138944
Run 63
 value= 2.484334
Run 123
 value= 0.633012
Run 504
 value= 1.237549
Run 250
 value= 0.693650
Run 438
 value= 0.441140
Run 688
 value= 0.352598
Run 875
 value= 1.638472
Run 186
 value= 0.974653
Run 312
 value= 0.562734
 value= 0.334451
Run 938
 value= 0.417108
Run 752
 value= 0.506961
 value= 0.313587
Run 1000
 value= 0.833228
Run 377
 value= 0.385352
Run 814
 value= 5.138805
 value= 0.641963
 value= 2.505859
Run 124
 value= 1.253149
Run 251
 value= 0.703777
Run 439
 value= 0.447978
Run 689
 value= 0.358081
Run 876
 value= 1.657220
Run 187
 value= 0.988026
Run 313
 value= 0.339568
 value= 0.423390
 value= 0.391201
 value= 0.844651
Run 378
 value= 0.318423
 value= 1.268644
Run 252
 value= 0.713874
Run 440
 value= 2.527036
Run 125
 value= 0.454786
Run 690
 value= 1.675836
Run 188
 value= 0.363564
 value= 1.001258
Run 314
 value= 0.856023
 value= 1.284029
 value= 0.723929
Run 441
 value= 2.547931
Run 126
 value= 0.461553
 value= 1.694306
Run 189
 value= 1.014472
Run 315
 value= 0.733972
 value= 2.568406
 value= 1.712599
 value= 1.027526
 Result= 5.136698 in 2.446905 seconds

* Info: Callchains info will be incomplete
* Info: Try to recompile your application with -fno-omit-frame-pointer or to rerun with btm=stack
* Info: Dumping samples (host jf, process 435156)
* Info: Dumping source info for callchain nodes (host jf, process 435156)
* Info: Building/writing metadata (host jf)
* Info: Finished collect step (host jf, process 435156)

Your experiment path is /home/jf/Documents/M2R_SETI/Hackathon_Teratec/Black-sholes/maqao_2025-01-22_13-52-27/tools/lprof_npsu_run_0

To display your profiling results:
#######################################################################################################################################################################
#    LEVEL    |     REPORT     |                                                               COMMAND                                                                #
#######################################################################################################################################################################
#  Functions  |  Cluster-wide  |  maqao lprof -df xp=/home/jf/Documents/M2R_SETI/Hackathon_Teratec/Black-sholes/maqao_2025-01-22_13-52-27/tools/lprof_npsu_run_0      #
#  Functions  |  Per-node      |  maqao lprof -df -dn xp=/home/jf/Documents/M2R_SETI/Hackathon_Teratec/Black-sholes/maqao_2025-01-22_13-52-27/tools/lprof_npsu_run_0  #
#  Functions  |  Per-process   |  maqao lprof -df -dp xp=/home/jf/Documents/M2R_SETI/Hackathon_Teratec/Black-sholes/maqao_2025-01-22_13-52-27/tools/lprof_npsu_run_0  #
#  Functions  |  Per-thread    |  maqao lprof -df -dt xp=/home/jf/Documents/M2R_SETI/Hackathon_Teratec/Black-sholes/maqao_2025-01-22_13-52-27/tools/lprof_npsu_run_0  #
#  Loops      |  Cluster-wide  |  maqao lprof -dl xp=/home/jf/Documents/M2R_SETI/Hackathon_Teratec/Black-sholes/maqao_2025-01-22_13-52-27/tools/lprof_npsu_run_0      #
#  Loops      |  Per-node      |  maqao lprof -dl -dn xp=/home/jf/Documents/M2R_SETI/Hackathon_Teratec/Black-sholes/maqao_2025-01-22_13-52-27/tools/lprof_npsu_run_0  #
#  Loops      |  Per-process   |  maqao lprof -dl -dp xp=/home/jf/Documents/M2R_SETI/Hackathon_Teratec/Black-sholes/maqao_2025-01-22_13-52-27/tools/lprof_npsu_run_0  #
#  Loops      |  Per-thread    |  maqao lprof -dl -dt xp=/home/jf/Documents/M2R_SETI/Hackathon_Teratec/Black-sholes/maqao_2025-01-22_13-52-27/tools/lprof_npsu_run_0  #
#######################################################################################################################################################################

