
* Info: "ref-cycles" not supported on ip-10-0-9-63: fallback to "cpu-clock"Global initial seed: 401994848      argv[1]= 10000000     argv[2]= 1000
 Result= 5.137182 in 35.682506 seconds

* Info: Dumping samples (host ip-10-0-9-63, process 25338)
* Info: Dumping source info for callchain nodes (host ip-10-0-9-63, process 25338)
* Info: Building/writing metadata (host ip-10-0-9-63)
* Info: Finished collect step (host ip-10-0-9-63, process 25338)

Your experiment path is /fsx/home/etud9-1/Black-sholes/maqao_2025-01-22_15-46-16/tools/lprof_npsu_run_0

To display your profiling results:
###########################################################################################################################################
#    LEVEL    |     REPORT     |                                                 COMMAND                                                  #
###########################################################################################################################################
#  Functions  |  Cluster-wide  |  maqao lprof -df xp=/fsx/home/etud9-1/Black-sholes/maqao_2025-01-22_15-46-16/tools/lprof_npsu_run_0      #
#  Functions  |  Per-node      |  maqao lprof -df -dn xp=/fsx/home/etud9-1/Black-sholes/maqao_2025-01-22_15-46-16/tools/lprof_npsu_run_0  #
#  Functions  |  Per-process   |  maqao lprof -df -dp xp=/fsx/home/etud9-1/Black-sholes/maqao_2025-01-22_15-46-16/tools/lprof_npsu_run_0  #
#  Functions  |  Per-thread    |  maqao lprof -df -dt xp=/fsx/home/etud9-1/Black-sholes/maqao_2025-01-22_15-46-16/tools/lprof_npsu_run_0  #
#  Loops      |  Cluster-wide  |  maqao lprof -dl xp=/fsx/home/etud9-1/Black-sholes/maqao_2025-01-22_15-46-16/tools/lprof_npsu_run_0      #
#  Loops      |  Per-node      |  maqao lprof -dl -dn xp=/fsx/home/etud9-1/Black-sholes/maqao_2025-01-22_15-46-16/tools/lprof_npsu_run_0  #
#  Loops      |  Per-process   |  maqao lprof -dl -dp xp=/fsx/home/etud9-1/Black-sholes/maqao_2025-01-22_15-46-16/tools/lprof_npsu_run_0  #
#  Loops      |  Per-thread    |  maqao lprof -dl -dt xp=/fsx/home/etud9-1/Black-sholes/maqao_2025-01-22_15-46-16/tools/lprof_npsu_run_0  #
###########################################################################################################################################

