
* Info: "ref-cycles" not supported on ip-10-0-9-170: fallback to "cpu-clock"Global initial seed: 346563859      argv[1]= 1000000     argv[2]= 1000
 Result= 5.136223 in 0.629998 seconds

* Info: Dumping samples (host ip-10-0-9-170, process 3582)
* Info: Dumping source info for callchain nodes (host ip-10-0-9-170, process 3582)
* Info: Building/writing metadata (host ip-10-0-9-170)
* Info: Finished collect step (host ip-10-0-9-170, process 3582)

Your experiment path is /fsx/home/etud9-2/Black-sholes/maqao_2025-01-24_16-09-27/tools/lprof_npsu_run_0

To display your profiling results:
###########################################################################################################################################
#    LEVEL    |     REPORT     |                                                 COMMAND                                                  #
###########################################################################################################################################
#  Functions  |  Cluster-wide  |  maqao lprof -df xp=/fsx/home/etud9-2/Black-sholes/maqao_2025-01-24_16-09-27/tools/lprof_npsu_run_0      #
#  Functions  |  Per-node      |  maqao lprof -df -dn xp=/fsx/home/etud9-2/Black-sholes/maqao_2025-01-24_16-09-27/tools/lprof_npsu_run_0  #
#  Functions  |  Per-process   |  maqao lprof -df -dp xp=/fsx/home/etud9-2/Black-sholes/maqao_2025-01-24_16-09-27/tools/lprof_npsu_run_0  #
#  Functions  |  Per-thread    |  maqao lprof -df -dt xp=/fsx/home/etud9-2/Black-sholes/maqao_2025-01-24_16-09-27/tools/lprof_npsu_run_0  #
#  Loops      |  Cluster-wide  |  maqao lprof -dl xp=/fsx/home/etud9-2/Black-sholes/maqao_2025-01-24_16-09-27/tools/lprof_npsu_run_0      #
#  Loops      |  Per-node      |  maqao lprof -dl -dn xp=/fsx/home/etud9-2/Black-sholes/maqao_2025-01-24_16-09-27/tools/lprof_npsu_run_0  #
#  Loops      |  Per-process   |  maqao lprof -dl -dp xp=/fsx/home/etud9-2/Black-sholes/maqao_2025-01-24_16-09-27/tools/lprof_npsu_run_0  #
#  Loops      |  Per-thread    |  maqao lprof -dl -dt xp=/fsx/home/etud9-2/Black-sholes/maqao_2025-01-24_16-09-27/tools/lprof_npsu_run_0  #
###########################################################################################################################################

